======================================================================
Experiment Log
Started: 2025-10-31 19:55:24
Command: C:\ProgramData\anaconda3\python.exe -m scripts.train_configurable --tx-id 1 --model MLP --split-method chronological --feature-mode full_6loads --lookback-multiplier 4.0 --horizon 24 --experiment-name exp_080 --data-suffix _no_outlier
======================================================================

======================================================================
Experiment: exp_080
======================================================================
Transformer:     TX1
Model:           MLP
Split method:    chronological
Feature mode:    full_6loads
Data suffix:     _no_outlier

Loading data...
  Total samples: 69680
  Added TX1 dynamic features
  Features: 25 columns

Window config: WindowConfig(horizon=24, lookback=96, gap=0)
Creating sliding windows...
  Created 69560 windows
Splitting windows (chronological, 20% test)...
  Train: 55648 windows
  Test:  13912 windows

Training MLP...
Using GPU: NVIDIA GeForce RTX 4070 Ti SUPER
  Training time: 63.21s

Evaluating...
  RMSE: 7.7199
  MAE:  6.5182
  R2:   -4.0192

Saving results...
  Model: E:\ANUS_learning\MSI5001-power-transformer-oil-temperature-prediction\models\experiments\exp_080_model.joblib
  Predictions: E:\ANUS_learning\MSI5001-power-transformer-oil-temperature-prediction\results\tables\exp_080_predictions.csv
  Metrics: E:\ANUS_learning\MSI5001-power-transformer-oil-temperature-prediction\models\experiments\exp_080_metrics.json
  Plot: E:\ANUS_learning\MSI5001-power-transformer-oil-temperature-prediction\results\figures\exp_080_predictions.png
  Scatter: E:\ANUS_learning\MSI5001-power-transformer-oil-temperature-prediction\results\figures\exp_080_scatter.png

======================================================================
Experiment complete: exp_080
======================================================================

======================================================================
Completed: 2025-10-31 19:56:31
Return code: 0
======================================================================
