======================================================================
Experiment Log
Started: 2025-10-30 16:39:46
Command: /opt/miniconda3/bin/python -m scripts.train_configurable --tx-id 1 --model MLP --split-method random_window --feature-mode full --lookback-multiplier 6.0 --horizon 1 --experiment-name exp_030
======================================================================

======================================================================
Experiment: exp_030
======================================================================
Transformer:     TX1
Model:           MLP
Split method:    random_window
Feature mode:    full
Data suffix:     (default)

Loading data...
  Total samples: 65562
  Added TX1 dynamic features
  Features: 21 columns

Window config: WindowConfig(horizon=1, lookback=6, gap=0)
Creating sliding windows...
  Created 65555 windows
  Sampling 40000 windows...
Splitting windows (random, 20% test)...
  Train: 32000 windows
  Test:  8000 windows

Training MLP...
Using Apple Silicon GPU (MPS)
  Training time: 174.12s

Evaluating...
  RMSE: 2.8018
  MAE:  2.0543
  R2:   0.8655

Saving results...
  Model: /Users/dafeng/Documents/ai_learning/NUS_courses/MSI5001/group_work/MSI5001-power-transformer-oil-temperature-prediction/models/experiments/exp_030_model.joblib
  Predictions: /Users/dafeng/Documents/ai_learning/NUS_courses/MSI5001/group_work/MSI5001-power-transformer-oil-temperature-prediction/results/tables/exp_030_predictions.csv
  Metrics: /Users/dafeng/Documents/ai_learning/NUS_courses/MSI5001/group_work/MSI5001-power-transformer-oil-temperature-prediction/models/experiments/exp_030_metrics.json
  Plot: /Users/dafeng/Documents/ai_learning/NUS_courses/MSI5001/group_work/MSI5001-power-transformer-oil-temperature-prediction/results/figures/exp_030_predictions.png
  Scatter: /Users/dafeng/Documents/ai_learning/NUS_courses/MSI5001/group_work/MSI5001-power-transformer-oil-temperature-prediction/results/figures/exp_030_scatter.png

======================================================================
Experiment complete: exp_030
======================================================================

======================================================================
Completed: 2025-10-30 16:42:43
Return code: 0
======================================================================
