======================================================================
Experiment Log
Started: 2025-10-30 21:18:46
Command: C:\ProgramData\anaconda3\python.exe -m scripts.train_configurable --tx-id 2 --model RNN --split-method random_window --feature-mode full --lookback-multiplier 2.0 --horizon 24 --experiment-name exp_058
======================================================================

======================================================================
Experiment: exp_058
======================================================================
Transformer:     TX2
Model:           RNN
Split method:    random_window
Feature mode:    full
Data suffix:     (default)

Loading data...
  Total samples: 66919
  Features: 17 columns

Window config: WindowConfig(horizon=24, lookback=48, gap=0)
Creating sliding windows for RNN (keeping sequence structure)...
  Created 66847 windows (shape: (66847, 48, 17))
  Sampling 40000 windows...
Splitting windows (random, 20% test)...
  Train: 32000 windows
  Test:  8000 windows

Training RNN...
Using GPU: NVIDIA GeForce RTX 4070 Ti SUPER
  Training time: 39.16s

Evaluating...
  RMSE: 4.3273
  MAE:  3.3597
  R2:   0.8640

Saving results...
  Model: E:\ANUS_learning\MSI5001-power-transformer-oil-temperature-prediction\models\experiments\exp_058_model.joblib
  Predictions: E:\ANUS_learning\MSI5001-power-transformer-oil-temperature-prediction\results\tables\exp_058_predictions.csv
  Metrics: E:\ANUS_learning\MSI5001-power-transformer-oil-temperature-prediction\models\experiments\exp_058_metrics.json
  Plot: E:\ANUS_learning\MSI5001-power-transformer-oil-temperature-prediction\results\figures\exp_058_predictions.png
  Scatter: E:\ANUS_learning\MSI5001-power-transformer-oil-temperature-prediction\results\figures\exp_058_scatter.png

======================================================================
Experiment complete: exp_058
======================================================================

======================================================================
Completed: 2025-10-30 21:19:30
Return code: 0
======================================================================
