======================================================================
Informer Native Training Log
Experiment: exp_093
Started: 2025-10-31 20:18:34
======================================================================

Command:
C:\ProgramData\anaconda3\python.exe E:\ANUS_learning\MSI5001-power-transformer-oil-temperature-prediction\external\Informer2020\main_informer.py --model informerstack --data custom --root_path ./data/ --data_pat======================================================================
Experiment: exp_093
======================================================================
Transformer:     TX1
Model:           Informer-Long
Split method:    chronological
Feature mode:    full_6loads
Data suffix:     _no_outlier

Loading data...
  Total samples: 69680
  Added TX1 dynamic features
  Features: 25 columns

Window config: WindowConfig(horizon=168, lookback=672, gap=0)
Creating sliding windows for Informer-Long (keeping sequence structure)...
  Created 68840 windows (shape: (68840, 672, 25))
Splitting windows (chronological, 20% test)...
  Train: 55072 windows
  Test:  13768 windows

Training Informer-Long...

Calling native Informer from: E:\ANUS_learning\MSI5001-power-transformer-oil-temperature-prediction\external\Informer2020
Command: C:\ProgramData\anaconda3\python.exe E:\ANUS_learning\MSI5001-power-transformer-oil-temperature-prediction\external\Informer2020\main_informer.py --model informerstack --data custom --root_path ./data/ --data_path TX1.csv --features MS --target OT --freq h --seq_len 336 --label_len 168 --pred_len 168 --enc_in 6 --dec_in 6 --c_out 1 --d_model 256 --n_heads 8 --e_layers 3 --d_layers 1 --d_ff 1024 --factor 5 --dropout 0.05 --attn prob --embed timeF --activation gelu --batch_size 8 --train_epochs 8 --patience 3 --learning_rate 0.0001 --des exp_093 --itr 1
Args in experiment:
Namespace(model='informerstack', data='custom', root_path='./data/', data_path='TX1.csv', features='MS', target='OT', freq='h', checkpoints='./checkpoints/', seq_len=336, label_len=168, pred_len=168, enc_in=6, dec_in=6, c_out=1, d_model=256, n_heads=8, e_layers=3, d_layers=1, s_layers=[3, 2, 1], d_ff=1024, factor=5, padding=0, distil=True, dropout=0.05, attn='prob', embed='timeF', activation='gelu', output_attention=False, do_predict=False, mix=True, cols=None, num_workers=0, itr=1, train_epochs=8, batch_size=8, patience=3, learning_rate=0.0001, des='exp_093', loss='mse', lradj='type1', use_amp=False, inverse=False, use_gpu=True, gpu=0, use_multi_gpu=False, devices='0,1,2,3', detail_freq='h')
Use GPU: cuda:0
>>>>>>>start training : informerstack_custom_ftMS_sl336_ll168_pl168_dm256_nh8_el3_dl1_df1024_atprob_fc5_ebtimeF_dtTrue_mxTrue_exp_093_0>>>>>>>>>>>>>>>>>>>>>>>>>>
train 48273
val 6801
test 13769
	iters: 100, epoch: 1 | loss: 0.2071353
	speed: 0.0935s/iter; left time: 4505.7091s
	iters: 200, epoch: 1 | loss: 0.4184634
	speed: 0.0679s/iter; left time: 3266.3533s
	iters: 300, epoch: 1 | loss: 0.1841163
	speed: 0.0704s/iter; left time: 3376.8959s
	iters: 400, epoch: 1 | loss: 0.1268015
	speed: 0.0688s/iter; left time: 3291.6447s
	iters: 500, epoch: 1 | loss: 0.1553267
	speed: 0.0693s/iter; left time: 3312.8954s
	iters: 600, epoch: 1 | loss: 0.1996468
	speed: 0.0703s/iter; left time: 3350.4990s
	iters: 700, epoch: 1 | loss: 0.1680159
	speed: 0.0692s/iter; left time: 3290.2643s
	iters: 800, epoch: 1 | loss: 0.3376346
	speed: 0.0706s/iter; left time: 3349.6306s
	iters: 900, epoch: 1 | loss: 0.1664362
	speed: 0.0714s/iter; left time: 3384.2466s
	iters: 1000, epoch: 1 | loss: 0.1369611
	speed: 0.0707s/iter; left time: 3339.8466s
	iters: 1100, epoch: 1 | loss: 0.1570804
	speed: 0.0688s/iter; left time: 3245.3443s
	iters: 1200, epoch: 1 | loss: 0.1384210
	speed: 0.0709s/iter; left time: 3337.5167s
	iters: 1300, epoch: 1 | loss: 0.1087513
	speed: 0.0709s/iter; left time: 3331.3108s
	iters: 1400, epoch: 1 | loss: 0.3343203
	speed: 0.0695s/iter; left time: 3257.4832s
	iters: 1500, epoch: 1 | loss: 0.5522751
	speed: 0.0693s/iter; left time: 3239.8115s
	iters: 1600, epoch: 1 | loss: 0.1910250
	speed: 0.0713s/iter; left time: 3327.7935s
	iters: 1700, epoch: 1 | loss: 0.2668468
	speed: 0.0684s/iter; left time: 3186.3200s
	iters: 1800, epoch: 1 | loss: 0.1004760
	speed: 0.0712s/iter; left time: 3309.2700s
	iters: 1900, epoch: 1 | loss: 0.1019864
	speed: 0.0699s/iter; left time: 3242.0223s
	iters: 2000, epoch: 1 | loss: 0.1861015
	speed: 0.0712s/iter; left time: 3293.2258s
	iters: 2100, epoch: 1 | loss: 0.1120341
	speed: 0.0722s/iter; left time: 3332.3736s
	iters: 2200, epoch: 1 | loss: 0.4118313
	speed: 0.0705s/iter; left time: 3246.5858s
	iters: 2300, epoch: 1 | loss: 0.1282724
	speed: 0.0704s/iter; left time: 3238.0273s
	iters: 2400, epoch: 1 | loss: 0.2586661
	speed: 0.0695s/iter; left time: 3187.5792s
	iters: 2500, epoch: 1 | loss: 0.1327752
	speed: 0.0698s/iter; left time: 3193.0083s
	iters: 2600, epoch: 1 | loss: 0.1156973
	speed: 0.0710s/iter; left time: 3244.3837s
	iters: 2700, epoch: 1 | loss: 0.2370155
	speed: 0.0698s/iter; left time: 3181.4352s
	iters: 2800, epoch: 1 | loss: 0.2161848
	speed: 0.0712s/iter; left time: 3238.7570s
	iters: 2900, epoch: 1 | loss: 0.2341917
	speed: 0.0700s/iter; left time: 3175.8392s
	iters: 3000, epoch: 1 | loss: 0.1110635
	speed: 0.0709s/iter; left time: 3212.0344s
	iters: 3100, epoch: 1 | loss: 0.2343703
	speed: 0.0717s/iter; left time: 3238.1802s
	iters: 3200, epoch: 1 | loss: 0.1659751
	speed: 0.0717s/iter; left time: 3230.8531s
	iters: 3300, epoch: 1 | loss: 0.1903011
	speed: 0.0726s/iter; left time: 3263.3202s
	iters: 3400, epoch: 1 | loss: 0.1246170
	speed: 0.0702s/iter; left time: 3149.0446s
	iters: 3500, epoch: 1 | loss: 0.0831441
	speed: 0.0716s/iter; left time: 3205.2238s
	iters: 3600, epoch: 1 | loss: 0.1010059
	speed: 0.0730s/iter; left time: 3262.6341s
	iters: 3700, epoch: 1 | loss: 0.2406108
	speed: 0.0710s/iter; left time: 3164.3246s
	iters: 3800, epoch: 1 | loss: 0.1257273
	speed: 0.0705s/iter; left time: 3135.1733s
	iters: 3900, epoch: 1 | loss: 0.1071036
	speed: 0.0704s/iter; left time: 3123.5170s
	iters: 4000, epoch: 1 | loss: 0.1771225
	speed: 0.0716s/iter; left time: 3170.7214s
	iters: 4100, epoch: 1 | loss: 0.1608415
	speed: 0.0698s/iter; left time: 3081.7865s
	iters: 4200, epoch: 1 | loss: 0.1241872
	speed: 0.0732s/iter; left time: 3226.2499s
	iters: 4300, epoch: 1 | loss: 0.1122125
	speed: 0.0738s/iter; left time: 3247.1353s
	iters: 4400, epoch: 1 | loss: 0.1325347
	speed: 0.0675s/iter; left time: 2963.1192s
	iters: 4500, epoch: 1 | loss: 0.1253579
	speed: 0.0697s/iter; left time: 3051.1872s
	iters: 4600, epoch: 1 | loss: 0.1206643
	speed: 0.0687s/iter; left time: 2998.7439s
	iters: 4700, epoch: 1 | loss: 0.0931804
	speed: 0.0718s/iter; left time: 3130.1113s
	iters: 4800, epoch: 1 | loss: 0.1267366
	speed: 0.0705s/iter; left time: 3066.7272s
	iters: 4900, epoch: 1 | loss: 0.1490246
	speed: 0.0681s/iter; left time: 2952.9722s
	iters: 5000, epoch: 1 | loss: 0.0992543
	speed: 0.0684s/iter; left time: 2961.4917s
	iters: 5100, epoch: 1 | loss: 0.0999235
	speed: 0.0678s/iter; left time: 2925.4219s
	iters: 5200, epoch: 1 | loss: 0.1410251
	speed: 0.0696s/iter; left time: 2996.8933s
	iters: 5300, epoch: 1 | loss: 0.1562402
	speed: 0.0690s/iter; left time: 2963.5340s
	iters: 5400, epoch: 1 | loss: 0.1198258
	speed: 0.0685s/iter; left time: 2937.3861s
	iters: 5500, epoch: 1 | loss: 0.1512593
	speed: 0.0687s/iter; left time: 2939.5260s
	iters: 5600, epoch: 1 | loss: 0.1318151
	speed: 0.0704s/iter; left time: 3003.4713s
	iters: 5700, epoch: 1 | loss: 0.1167999
	speed: 0.0706s/iter; left time: 3006.8217s
	iters: 5800, epoch: 1 | loss: 0.1208517
	speed: 0.0702s/iter; left time: 2982.1634s
	iters: 5900, epoch: 1 | loss: 0.1006818
	speed: 0.0694s/iter; left time: 2941.8832s
	iters: 6000, epoch: 1 | loss: 0.2042132
	speed: 0.0696s/iter; left time: 2940.4774s
Epoch: 1 cost time: 424.6880507469177
Epoch: 1, Steps: 6034 | Train Loss: 0.2051071 Vali Loss: 0.2001567 Test Loss: 0.2227799
Validation loss decreased (inf --> 0.200157).  Saving model ...
Updating learning rate to 0.0001
	iters: 100, epoch: 2 | loss: 0.1296755
	speed: 1.1565s/iter; left time: 48734.5035s
	iters: 200, epoch: 2 | loss: 0.0987227
	speed: 0.0717s/iter; left time: 3014.7818s
	iters: 300, epoch: 2 | loss: 0.0993452
	speed: 0.0765s/iter; left time: 3206.6402s
	iters: 400, epoch: 2 | loss: 0.2927693
	speed: 0.0721s/iter; left time: 3016.2095s
	iters: 500, epoch: 2 | loss: 0.0804837
	speed: 0.0723s/iter; left time: 3018.0274s
	iters: 600, epoch: 2 | loss: 0.0716848
	speed: 0.0728s/iter; left time: 3032.9782s
	iters: 700, epoch: 2 | loss: 0.0899915
	speed: 0.0737s/iter; left time: 3062.0760s
	iters: 800, epoch: 2 | loss: 0.2547686
	speed: 0.0742s/iter; left time: 3074.8173s
	iters: 900, epoch: 2 | loss: 0.0978907
	speed: 0.0720s/iter; left time: 2976.6538s
	iters: 1000, epoch: 2 | loss: 0.1099155
	speed: 0.0750s/iter; left time: 3094.9165s
	iters: 1100, epoch: 2 | loss: 0.1371488
	speed: 0.0720s/iter; left time: 2962.6996s
	iters: 1200, epoch: 2 | loss: 0.0680925
	speed: 0.0728s/iter; left time: 2988.5731s
	iters: 1300, epoch: 2 | loss: 0.1005685
	speed: 0.0716s/iter; left time: 2929.6341s
	iters: 1400, epoch: 2 | loss: 0.0920226
	speed: 0.0716s/iter; left time: 2926.0485s
	iters: 1500, epoch: 2 | loss: 0.1334494
	speed: 0.0694s/iter; left time: 2827.4438s
	iters: 1600, epoch: 2 | loss: 0.0981584
	speed: 0.0702s/iter; left time: 2853.4707s
	iters: 1700, epoch: 2 | loss: 0.1174717
	speed: 0.0712s/iter; left time: 2887.8321s
	iters: 1800, epoch: 2 | loss: 0.0987604
	speed: 0.0703s/iter; left time: 2841.7267s
	iters: 1900, epoch: 2 | loss: 0.3556702
	speed: 0.0721s/iter; left time: 2909.2974s
	iters: 2000, epoch: 2 | loss: 0.0705997
	speed: 0.0710s/iter; left time: 2858.8902s
	iters: 2100, epoch: 2 | loss: 0.1070388
	speed: 0.0720s/iter; left time: 2890.9571s
	iters: 2200, epoch: 2 | loss: 0.5193601
	speed: 0.0710s/iter; left time: 2840.9519s
	iters: 2300, epoch: 2 | loss: 0.0897619
	speed: 0.0739s/iter; left time: 2952.7590s
	iters: 2400, epoch: 2 | loss: 0.0916252
	speed: 0.0716s/iter; left time: 2853.3866s
	iters: 2500, epoch: 2 | loss: 0.1066997
	speed: 0.0714s/iter; left time: 2836.9935s
	iters: 2600, epoch: 2 | loss: 0.1580770
	speed: 0.0705s/iter; left time: 2795.3422s
	iters: 2700, epoch: 2 | loss: 0.1027909
	speed: 0.0700s/iter; left time: 2766.0612s
	iters: 2800, epoch: 2 | loss: 0.1303453
	speed: 0.0728s/iter; left time: 2873.0274s
	iters: 2900, epoch: 2 | loss: 0.0981066
	speed: 0.0731s/iter; left time: 2874.7618s
	iters: 3000, epoch: 2 | loss: 0.1396059
	speed: 0.0725s/iter; left time: 2843.6463s
	iters: 3100, epoch: 2 | loss: 0.1166532
	speed: 0.0722s/iter; left time: 2825.4341s
	iters: 3200, epoch: 2 | loss: 0.1144737
	speed: 0.0715s/iter; left time: 2789.5403s
	iters: 3300, epoch: 2 | loss: 0.0831048
	speed: 0.0724s/iter; left time: 2819.1983s
	iters: 3400, epoch: 2 | loss: 0.0857354
	speed: 0.0711s/iter; left time: 2763.1848s
	iters: 3500, epoch: 2 | loss: 0.3559355
	speed: 0.0725s/iter; left time: 2808.2688s
	iters: 3600, epoch: 2 | loss: 0.0806767
	speed: 0.0734s/iter; left time: 2834.4000s
	iters: 3700, epoch: 2 | loss: 0.0947219
	speed: 0.0686s/iter; left time: 2644.1817s
	iters: 3800, epoch: 2 | loss: 0.0959552
	speed: 0.0714s/iter; left time: 2745.5527s
	iters: 3900, epoch: 2 | loss: 0.0770855
	speed: 0.0733s/iter; left time: 2808.4760s
	iters: 4000, epoch: 2 | loss: 0.1240642
	speed: 0.0697s/iter; left time: 2664.2465s
	iters: 4100, epoch: 2 | loss: 0.1917751
	speed: 0.0719s/iter; left time: 2742.0560s
	iters: 4200, epoch: 2 | loss: 0.0982871
	speed: 0.0708s/iter; left time: 2694.4953s
	iters: 4300, epoch: 2 | loss: 0.1316554
	speed: 0.0730s/iter; left time: 2768.8758s
	iters: 4400, epoch: 2 | loss: 0.0924628
	speed: 0.0722s/iter; left time: 2731.0817s
	iters: 4500, epoch: 2 | loss: 0.0906273
	speed: 0.0724s/iter; left time: 2733.0506s
	iters: 4600, epoch: 2 | loss: 0.0839674
	speed: 0.0716s/iter; left time: 2694.1703s
	iters: 4700, epoch: 2 | loss: 0.1129621
	speed: 0.0687s/iter; left time: 2580.4221s
	iters: 4800, epoch: 2 | loss: 0.0827400
	speed: 0.0735s/iter; left time: 2753.4027s
	iters: 4900, epoch: 2 | loss: 0.1137590
	speed: 0.0723s/iter; left time: 2697.9309s
	iters: 5000, epoch: 2 | loss: 0.1243053
	speed: 0.0727s/iter; left time: 2709.1196s
	iters: 5100, epoch: 2 | loss: 0.0808286
	speed: 0.0724s/iter; left time: 2688.7847s
	iters: 5200, epoch: 2 | loss: 0.2222749
	speed: 0.0717s/iter; left time: 2655.7204s
	iters: 5300, epoch: 2 | loss: 0.0891837
	speed: 0.0715s/iter; left time: 2641.2827s
	iters: 5400, epoch: 2 | loss: 0.1054894
	speed: 0.0720s/iter; left time: 2651.0470s
	iters: 5500, epoch: 2 | loss: 0.2238160
	speed: 0.0720s/iter; left time: 2645.8387s
	iters: 5600, epoch: 2 | loss: 0.1016961
	speed: 0.0717s/iter; left time: 2628.3159s
	iters: 5700, epoch: 2 | loss: 0.1147299
	speed: 0.0716s/iter; left time: 2617.1148s
	iters: 5800, epoch: 2 | loss: 0.1347896
	speed: 0.0728s/iter; left time: 2653.6453s
	iters: 5900, epoch: 2 | loss: 0.1381905
	speed: 0.0726s/iter; left time: 2639.5608s
	iters: 6000, epoch: 2 | loss: 0.1273253
	speed: 0.0708s/iter; left time: 2564.5728s
Epoch: 2 cost time: 434.0240080356598
Epoch: 2, Steps: 6034 | Train Loss: 0.1308597 Vali Loss: 0.2493073 Test Loss: 0.2293969
EarlyStopping counter: 1 out of 3
Updating learning rate to 5e-05
	iters: 100, epoch: 3 | loss: 0.0814611
	speed: 1.0280s/iter; left time: 37114.7588s
	iters: 200, epoch: 3 | loss: 0.1158950
	speed: 0.0698s/iter; left time: 2512.0624s
	iters: 300, epoch: 3 | loss: 0.0950867
	speed: 0.0711s/iter; left time: 2553.7296s
	iters: 400, epoch: 3 | loss: 0.1235417
	speed: 0.0716s/iter; left time: 2564.8221s
	iters: 500, epoch: 3 | loss: 0.1031367
	speed: 0.0724s/iter; left time: 2583.7140s
	iters: 600, epoch: 3 | loss: 0.1367439
	speed: 0.0733s/iter; left time: 2610.4978s
	iters: 700, epoch: 3 | loss: 0.0472850
	speed: 0.0697s/iter; left time: 2473.5550s
	iters: 800, epoch: 3 | loss: 0.1034023
	speed: 0.0712s/iter; left time: 2521.9137s
	iters: 900, epoch: 3 | loss: 0.1038958
	speed: 0.0704s/iter; left time: 2486.7192s
	iters: 1000, epoch: 3 | loss: 0.0753235
	speed: 0.0720s/iter; left time: 2533.1891s
	iters: 1100, epoch: 3 | loss: 0.1180724
	speed: 0.0727s/iter; left time: 2552.3316s
	iters: 1200, epoch: 3 | loss: 0.0628841
	speed: 0.0719s/iter; left time: 2518.4099s
	iters: 1300, epoch: 3 | loss: 0.0752678
	speed: 0.0721s/iter; left time: 2517.9656s
	iters: 1400, epoch: 3 | loss: 0.0811506
	speed: 0.0723s/iter; left time: 2516.4347s
	iters: 1500, epoch: 3 | loss: 0.0701657
	speed: 0.0722s/iter; left time: 2505.4369s
	iters: 1600, epoch: 3 | loss: 0.1296812
	speed: 0.0725s/iter; left time: 2508.2285s
	iters: 1700, epoch: 3 | loss: 0.0888779
	speed: 0.0741s/iter; left time: 2557.7699s
	iters: 1800, epoch: 3 | loss: 0.0679754
	speed: 0.0705s/iter; left time: 2427.2475s
	iters: 1900, epoch: 3 | loss: 0.0676161
	speed: 0.0717s/iter; left time: 2458.6951s
	iters: 2000, epoch: 3 | loss: 0.1140037
	speed: 0.0726s/iter; left time: 2484.3481s
	iters: 2100, epoch: 3 | loss: 0.0590520
	speed: 0.0730s/iter; left time: 2489.6359s
	iters: 2200, epoch: 3 | loss: 0.0501169
	speed: 0.0720s/iter; left time: 2447.4676s
	iters: 2300, epoch: 3 | loss: 0.0737255
	speed: 0.0755s/iter; left time: 2559.3434s
	iters: 2400, epoch: 3 | loss: 0.1862461
	speed: 0.0726s/iter; left time: 2455.2700s
	iters: 2500, epoch: 3 | loss: 0.0654425
	speed: 0.0739s/iter; left time: 2489.1245s
	iters: 2600, epoch: 3 | loss: 0.0700810
	speed: 0.0729s/iter; left time: 2450.8066s
	iters: 2700, epoch: 3 | loss: 0.1361843
	speed: 0.0741s/iter; left time: 2481.8041s
	iters: 2800, epoch: 3 | loss: 0.0589363
	speed: 0.0715s/iter; left time: 2389.6575s
	iters: 2900, epoch: 3 | loss: 0.0632006
	speed: 0.0709s/iter; left time: 2361.8717s
	iters: 3000, epoch: 3 | loss: 0.0980960
	speed: 0.0692s/iter; left time: 2298.1716s
	iters: 3100, epoch: 3 | loss: 0.0833487
	speed: 0.0693s/iter; left time: 2294.2369s
	iters: 3200, epoch: 3 | loss: 0.0750957
	speed: 0.0693s/iter; left time: 2288.3475s
	iters: 3300, epoch: 3 | loss: 0.0941014
	speed: 0.0730s/iter; left time: 2402.5250s
	iters: 3400, epoch: 3 | loss: 0.0763942
	speed: 0.0725s/iter; left time: 2377.7194s
	iters: 3500, epoch: 3 | loss: 0.0693966
	speed: 0.0710s/iter; left time: 2323.1033s
	iters: 3600, epoch: 3 | loss: 0.0557175
	speed: 0.0720s/iter; left time: 2348.6853s
	iters: 3700, epoch: 3 | loss: 0.1303928
	speed: 0.0717s/iter; left time: 2330.7253s
	iters: 3800, epoch: 3 | loss: 0.0627955
	speed: 0.0728s/iter; left time: 2359.7847s
	iters: 3900, epoch: 3 | loss: 0.0592573
	speed: 0.0703s/iter; left time: 2270.6906s
	iters: 4000, epoch: 3 | loss: 0.0775777
	speed: 0.0728s/iter; left time: 2345.9887s
	iters: 4100, epoch: 3 | loss: 0.0614714
	speed: 0.0733s/iter; left time: 2352.5399s
	iters: 4200, epoch: 3 | loss: 0.0818059
	speed: 0.0725s/iter; left time: 2321.2179s
	iters: 4300, epoch: 3 | loss: 0.0855440
	speed: 0.0719s/iter; left time: 2292.4217s
	iters: 4400, epoch: 3 | loss: 0.0776305
	speed: 0.0738s/iter; left time: 2347.9224s
	iters: 4500, epoch: 3 | loss: 0.0756143
	speed: 0.0726s/iter; left time: 2302.3242s
	iters: 4600, epoch: 3 | loss: 0.0718928
	speed: 0.0724s/iter; left time: 2288.7079s
	iters: 4700, epoch: 3 | loss: 0.0843603
	speed: 0.0722s/iter; left time: 2275.1845s
	iters: 4800, epoch: 3 | loss: 0.0858479
	speed: 0.0723s/iter; left time: 2271.5195s
	iters: 4900, epoch: 3 | loss: 0.1160129
	speed: 0.0712s/iter; left time: 2228.1088s
	iters: 5000, epoch: 3 | loss: 0.0789422
	speed: 0.0721s/iter; left time: 2248.7105s
	iters: 5100, epoch: 3 | loss: 0.0864555
	speed: 0.0719s/iter; left time: 2236.9599s
	iters: 5200, epoch: 3 | loss: 0.0607433
	speed: 0.0729s/iter; left time: 2258.7636s
	iters: 5300, epoch: 3 | loss: 0.0644701
	speed: 0.0697s/iter; left time: 2155.3538s
	iters: 5400, epoch: 3 | loss: 0.0934076
	speed: 0.0737s/iter; left time: 2269.1744s
	iters: 5500, epoch: 3 | loss: 0.1103511
	speed: 0.0710s/iter; left time: 2178.6228s
	iters: 5600, epoch: 3 | loss: 0.0506799
	speed: 0.0709s/iter; left time: 2171.3612s
	iters: 5700, epoch: 3 | loss: 0.0937496
	speed: 0.0728s/iter; left time: 2219.4864s
	iters: 5800, epoch: 3 | loss: 0.0631715
	speed: 0.0694s/iter; left time: 2111.2851s
	iters: 5900, epoch: 3 | loss: 0.0968945
	speed: 0.0722s/iter; left time: 2186.8741s
	iters: 6000, epoch: 3 | loss: 0.0586732
	speed: 0.0708s/iter; left time: 2138.8698s
Epoch: 3 cost time: 434.0658416748047
Epoch: 3, Steps: 6034 | Train Loss: 0.0912877 Vali Loss: 0.2453931 Test Loss: 0.2605190
EarlyStopping counter: 2 out of 3
Updating learning rate to 2.5e-05
	iters: 100, epoch: 4 | loss: 0.1087827
	speed: 1.0150s/iter; left time: 30522.6632s
	iters: 200, epoch: 4 | loss: 0.0638288
	speed: 0.0673s/iter; left time: 2016.1931s
	iters: 300, epoch: 4 | loss: 0.0682306
	speed: 0.0687s/iter; left time: 2052.9936s
	iters: 400, epoch: 4 | loss: 0.1186801
	speed: 0.0698s/iter; left time: 2077.0451s
	iters: 500, epoch: 4 | loss: 0.0741182
	speed: 0.0697s/iter; left time: 2067.7030s
	iters: 600, epoch: 4 | loss: 0.0591120
	speed: 0.0697s/iter; left time: 2060.4949s
	iters: 700, epoch: 4 | loss: 0.0775236
	speed: 0.0686s/iter; left time: 2022.7300s
	iters: 800, epoch: 4 | loss: 0.0458737
	speed: 0.0675s/iter; left time: 1983.4738s
	iters: 900, epoch: 4 | loss: 0.0476019
	speed: 0.0680s/iter; left time: 1989.2569s
	iters: 1000, epoch: 4 | loss: 0.0675576
	speed: 0.0683s/iter; left time: 1993.3498s
	iters: 1100, epoch: 4 | loss: 0.0614685
	speed: 0.0676s/iter; left time: 1965.8924s
	iters: 1200, epoch: 4 | loss: 0.0666957
	speed: 0.0687s/iter; left time: 1991.5723s
	iters: 1300, epoch: 4 | loss: 0.0678974
	speed: 0.0705s/iter; left time: 2034.5414s
	iters: 1400, epoch: 4 | loss: 0.0730497
	speed: 0.0683s/iter; left time: 1965.8900s
	iters: 1500, epoch: 4 | loss: 0.0705123
	speed: 0.0680s/iter; left time: 1949.4687s
	iters: 1600, epoch: 4 | loss: 0.0790849
	speed: 0.0690s/iter; left time: 1970.6870s
	iters: 1700, epoch: 4 | loss: 0.0753215
	speed: 0.0702s/iter; left time: 2000.0327s
	iters: 1800, epoch: 4 | loss: 0.0590517
	speed: 0.0700s/iter; left time: 1987.1052s
	iters: 1900, epoch: 4 | loss: 0.0662328
	speed: 0.0671s/iter; left time: 1897.4087s
	iters: 2000, epoch: 4 | loss: 0.0633913
	speed: 0.0694s/iter; left time: 1956.3203s
	iters: 2100, epoch: 4 | loss: 0.1129663
	speed: 0.0685s/iter; left time: 1923.6248s
	iters: 2200, epoch: 4 | loss: 0.0663653
	speed: 0.0685s/iter; left time: 1915.2587s
	iters: 2300, epoch: 4 | loss: 0.0436265
	speed: 0.0679s/iter; left time: 1893.2959s
	iters: 2400, epoch: 4 | loss: 0.0715534
	speed: 0.0682s/iter; left time: 1892.9657s
	iters: 2500, epoch: 4 | loss: 0.0980409
	speed: 0.0671s/iter; left time: 1856.2742s
	iters: 2600, epoch: 4 | loss: 0.0800774
	speed: 0.0673s/iter; left time: 1855.3759s
	iters: 2700, epoch: 4 | loss: 0.0391275
	speed: 0.0690s/iter; left time: 1894.5883s
	iters: 2800, epoch: 4 | loss: 0.0765104
	speed: 0.0690s/iter; left time: 1889.5234s
	iters: 2900, epoch: 4 | loss: 0.0653544
	speed: 0.0698s/iter; left time: 1902.8469s
	iters: 3000, epoch: 4 | loss: 0.0528542
	speed: 0.0675s/iter; left time: 1834.9514s
	iters: 3100, epoch: 4 | loss: 0.0817225
	speed: 0.0677s/iter; left time: 1833.7662s
	iters: 3200, epoch: 4 | loss: 0.0967094
	speed: 0.0678s/iter; left time: 1829.4542s
	iters: 3300, epoch: 4 | loss: 0.0959165
	speed: 0.0680s/iter; left time: 1826.4066s
	iters: 3400, epoch: 4 | loss: 0.0622774
	speed: 0.0674s/iter; left time: 1803.1311s
	iters: 3500, epoch: 4 | loss: 0.0698851
	speed: 0.0691s/iter; left time: 1841.9928s
	iters: 3600, epoch: 4 | loss: 0.0514926
	speed: 0.0685s/iter; left time: 1821.3345s
	iters: 3700, epoch: 4 | loss: 0.0740237
	speed: 0.0666s/iter; left time: 1762.4392s
	iters: 3800, epoch: 4 | loss: 0.0816110
	speed: 0.0675s/iter; left time: 1779.4004s
	iters: 3900, epoch: 4 | loss: 0.0743525
	speed: 0.0680s/iter; left time: 1787.0327s
	iters: 4000, epoch: 4 | loss: 0.0692174
	speed: 0.0634s/iter; left time: 1658.1162s
	iters: 4100, epoch: 4 | loss: 0.1078495
	speed: 0.0505s/iter; left time: 1317.6327s
	iters: 4200, epoch: 4 | loss: 0.0750827
	speed: 0.0479s/iter; left time: 1245.1068s
	iters: 4300, epoch: 4 | loss: 0.0967568
	speed: 0.0488s/iter; left time: 1263.5781s
	iters: 4400, epoch: 4 | loss: 0.0780022
	speed: 0.0477s/iter; left time: 1228.7480s
	iters: 4500, epoch: 4 | loss: 0.0730493
	speed: 0.0477s/iter; left time: 1225.3869s
	iters: 4600, epoch: 4 | loss: 0.0676154
	speed: 0.0480s/iter; left time: 1227.5049s
	iters: 4700, epoch: 4 | loss: 0.0750619
	speed: 0.0499s/iter; left time: 1270.3201s
	iters: 4800, epoch: 4 | loss: 0.0698406
	speed: 0.0465s/iter; left time: 1178.7879s
	iters: 4900, epoch: 4 | loss: 0.1132553
	speed: 0.0470s/iter; left time: 1188.1156s
	iters: 5000, epoch: 4 | loss: 0.0514513
	speed: 0.0474s/iter; left time: 1191.9069s
	iters: 5100, epoch: 4 | loss: 0.0932441
	speed: 0.0473s/iter; left time: 1187.0390s
	iters: 5200, epoch: 4 | loss: 0.0833372
	speed: 0.0472s/iter; left time: 1178.2927s
	iters: 5300, epoch: 4 | loss: 0.0721974
	speed: 0.0468s/iter; left time: 1163.7030s
	iters: 5400, epoch: 4 | loss: 0.0765861
	speed: 0.0478s/iter; left time: 1182.9170s
	iters: 5500, epoch: 4 | loss: 0.0434991
	speed: 0.0477s/iter; left time: 1177.8233s
	iters: 5600, epoch: 4 | loss: 0.0541321
	speed: 0.0486s/iter; left time: 1194.4251s
	iters: 5700, epoch: 4 | loss: 0.0635801
	speed: 0.0471s/iter; left time: 1152.2681s
	iters: 5800, epoch: 4 | loss: 0.0560711
	speed: 0.0495s/iter; left time: 1207.0914s
	iters: 5900, epoch: 4 | loss: 0.0529534
	speed: 0.0477s/iter; left time: 1156.5186s
	iters: 6000, epoch: 4 | loss: 0.0522522
	speed: 0.0475s/iter; left time: 1149.0693s
Epoch: 4 cost time: 370.9751262664795
Epoch: 4, Steps: 6034 | Train Loss: 0.0738591 Vali Loss: 0.2494294 Test Loss: 0.2776776
EarlyStopping counter: 3 out of 3
Early stopping
>>>>>>>testing : informerstack_custom_ftMS_sl336_ll168_pl168_dm256_nh8_el3_dl1_df1024_atprob_fc5_ebtimeF_dtTrue_mxTrue_exp_093_0<<<<<<<<<<<<<<<<<<<<<<<<<<<<<<<<<
test 13769
test shape: (1721, 8, 168, 1) (1721, 8, 168, 1)
test shape: (13768, 168, 1) (13768, 168, 1)
mse:0.2226220965385437, mae:0.3722810447216034, r2:0.3399991989135742


Parsed metrics from Informer output:
  MSE:  0.2226
  MAE:  0.3723
  RMSE: 0.4718
  R2:   0.3400
  Training time: 2038.75s
  RMSE: 0.4718
  MAE:  0.3723
  R2:   0.3400

Saving results...
  Model: Native Informer (saved in external/Informer2020/checkpoints/)
  Predictions: Not saved (native Informer handles this internally)
  Metrics: E:\ANUS_learning\MSI5001-power-transformer-oil-temperature-prediction\models\experiments\exp_093_metrics.json
  Plot: Skipped (native Informer handles visualization internally)

======================================================================
Experiment complete: exp_093
======================================================================

======================================================================
Completed: 2025-10-31 20:52:34
Return code: 0
======================================================================
