======================================================================
Experiment Log
Started: 2025-10-30 21:21:27
Command: C:\ProgramData\anaconda3\python.exe -m scripts.train_configurable --tx-id 2 --model RNN --split-method random_window --feature-mode full --lookback-multiplier 2.0 --horizon 168 --experiment-name exp_061
======================================================================

======================================================================
Experiment: exp_061
======================================================================
Transformer:     TX2
Model:           RNN
Split method:    random_window
Feature mode:    full
Data suffix:     (default)

Loading data...
  Total samples: 66919
  Features: 17 columns

Window config: WindowConfig(horizon=168, lookback=336, gap=0)
Creating sliding windows for RNN (keeping sequence structure)...
  Created 66415 windows (shape: (66415, 336, 17))
  Sampling 40000 windows...
Splitting windows (random, 20% test)...
  Train: 32000 windows
  Test:  8000 windows

Training RNN...
Using GPU: NVIDIA GeForce RTX 4070 Ti SUPER
  Training time: 68.95s

Evaluating...
  RMSE: 4.4096
  MAE:  3.4167
  R2:   0.8621

Saving results...
  Model: E:\ANUS_learning\MSI5001-power-transformer-oil-temperature-prediction\models\experiments\exp_061_model.joblib
  Predictions: E:\ANUS_learning\MSI5001-power-transformer-oil-temperature-prediction\results\tables\exp_061_predictions.csv
  Metrics: E:\ANUS_learning\MSI5001-power-transformer-oil-temperature-prediction\models\experiments\exp_061_metrics.json
  Plot: E:\ANUS_learning\MSI5001-power-transformer-oil-temperature-prediction\results\figures\exp_061_predictions.png
  Scatter: E:\ANUS_learning\MSI5001-power-transformer-oil-temperature-prediction\results\figures\exp_061_scatter.png

======================================================================
Experiment complete: exp_061
======================================================================

======================================================================
Completed: 2025-10-30 21:22:40
Return code: 0
======================================================================
