======================================================================
Informer Native Training Log
Experiment: exp_094
Started: 2025-11-01 00:30:17
======================================================================

Command:
C:\ProgramData\anaconda3\python.exe E:\ANUS_learning\MSI5001-power-transformer-oil-temperature-prediction\external\Informer2020\main_informer.py --model informer --data custom --root_path ./data/ --data_path TX======================================================================
Experiment: exp_094
======================================================================
Transformer:     TX2
Model:           Informer-Short
Split method:    chronological
Feature mode:    full_6loads
Data suffix:     _no_outlier

Loading data...
  Total samples: 69680
  Features: 21 columns

Window config: WindowConfig(horizon=1, lookback=4, gap=0)
Creating sliding windows for Informer-Short (keeping sequence structure)...
  Created 69675 windows (shape: (69675, 4, 21))
Splitting windows (chronological, 20% test)...
  Train: 55740 windows
  Test:  13935 windows

Training Informer-Short...

Calling native Informer from: E:\ANUS_learning\MSI5001-power-transformer-oil-temperature-prediction\external\Informer2020
Command: C:\ProgramData\anaconda3\python.exe E:\ANUS_learning\MSI5001-power-transformer-oil-temperature-prediction\external\Informer2020\main_informer.py --model informer --data custom --root_path ./data/ --data_path TX2.csv --features MS --target OT --freq h --seq_len 96 --label_len 48 --pred_len 1 --enc_in 6 --dec_in 1 --c_out 1 --d_model 256 --n_heads 8 --e_layers 2 --d_layers 1 --d_ff 1024 --factor 5 --dropout 0.05 --attn prob --embed timeF --activation gelu --batch_size 32 --train_epochs 10 --patience 3 --learning_rate 0.0001 --des exp_094 --itr 1
Args in experiment:
Namespace(model='informer', data='custom', root_path='./data/', data_path='TX1.csv', features='MS', target='OT', freq='h', checkpoints='./checkpoints/', seq_len=96, label_len=48, pred_len=1, enc_in=6, dec_in=1, c_out=1, d_model=256, n_heads=8, e_layers=2, d_layers=1, s_layers=[3, 2, 1], d_ff=1024, factor=5, padding=0, distil=True, dropout=0.05, attn='prob', embed='timeF', activation='gelu', output_attention=False, do_predict=False, mix=True, cols=None, num_workers=0, itr=1, train_epochs=10, batch_size=32, patience=3, learning_rate=0.0001, des='exp_094', loss='mse', lradj='type1', use_amp=False, inverse=False, use_gpu=True, gpu=0, use_multi_gpu=False, devices='0,1,2,3', detail_freq='h')
Use GPU: cuda:0
>>>>>>>start training : informer_custom_ftMS_sl96_ll48_pl1_dm256_nh8_el2_dl1_df1024_atprob_fc5_ebtimeF_dtTrue_mxTrue_exp_094_0>>>>>>>>>>>>>>>>>>>>>>>>>>
train 48680
val 6968
test 13936
	iters: 100, epoch: 1 | loss: 0.0547507
	speed: 0.0244s/iter; left time: 368.6334s
	iters: 200, epoch: 1 | loss: 0.0494242
	speed: 0.0126s/iter; left time: 189.5411s
	iters: 300, epoch: 1 | loss: 0.0429840
	speed: 0.0140s/iter; left time: 208.8071s
	iters: 400, epoch: 1 | loss: 0.0357887
	speed: 0.0138s/iter; left time: 203.9922s
	iters: 500, epoch: 1 | loss: 0.0170607
	speed: 0.0127s/iter; left time: 186.2803s
	iters: 600, epoch: 1 | loss: 0.0302380
	speed: 0.0131s/iter; left time: 191.5848s
	iters: 700, epoch: 1 | loss: 0.0259207
	speed: 0.0126s/iter; left time: 183.3789s
	iters: 800, epoch: 1 | loss: 0.0239332
	speed: 0.0128s/iter; left time: 183.9994s
	iters: 900, epoch: 1 | loss: 0.0202683
	speed: 0.0133s/iter; left time: 190.3627s
	iters: 1000, epoch: 1 | loss: 0.0147928
	speed: 0.0129s/iter; left time: 183.6086s
	iters: 1100, epoch: 1 | loss: 0.0190566
	speed: 0.0131s/iter; left time: 185.0233s
	iters: 1200, epoch: 1 | loss: 0.0236977
	speed: 0.0131s/iter; left time: 183.2204s
	iters: 1300, epoch: 1 | loss: 0.0176816
	speed: 0.0131s/iter; left time: 182.8567s
	iters: 1400, epoch: 1 | loss: 0.0286370
	speed: 0.0144s/iter; left time: 199.4303s
	iters: 1500, epoch: 1 | loss: 0.0260916
	speed: 0.0136s/iter; left time: 186.1211s
Epoch: 1 cost time: 20.40055751800537
Epoch: 1, Steps: 1521 | Train Loss: 0.0389049 Vali Loss: 0.0140662 Test Loss: 0.0092766
Validation loss decreased (inf --> 0.014066).  Saving model ...
Updating learning rate to 0.0001
	iters: 100, epoch: 2 | loss: 0.0215164
	speed: 0.0521s/iter; left time: 707.5992s
	iters: 200, epoch: 2 | loss: 0.0483507
	speed: 0.0130s/iter; left time: 175.9818s
	iters: 300, epoch: 2 | loss: 0.0198810
	speed: 0.0130s/iter; left time: 173.9076s
	iters: 400, epoch: 2 | loss: 0.0212028
	speed: 0.0130s/iter; left time: 173.1723s
	iters: 500, epoch: 2 | loss: 0.0200846
	speed: 0.0137s/iter; left time: 181.3517s
	iters: 600, epoch: 2 | loss: 0.0190863
	speed: 0.0127s/iter; left time: 165.6427s
	iters: 700, epoch: 2 | loss: 0.0143272
	speed: 0.0127s/iter; left time: 165.5881s
	iters: 800, epoch: 2 | loss: 0.0132949
	speed: 0.0145s/iter; left time: 186.8476s
	iters: 900, epoch: 2 | loss: 0.0299094
	speed: 0.0129s/iter; left time: 165.0556s
	iters: 1000, epoch: 2 | loss: 0.0280941
	speed: 0.0129s/iter; left time: 163.4187s
	iters: 1100, epoch: 2 | loss: 0.0193118
	speed: 0.0127s/iter; left time: 160.0035s
	iters: 1200, epoch: 2 | loss: 0.0154198
	speed: 0.0131s/iter; left time: 164.2081s
	iters: 1300, epoch: 2 | loss: 0.0363534
	speed: 0.0132s/iter; left time: 163.0050s
	iters: 1400, epoch: 2 | loss: 0.0157787
	speed: 0.0139s/iter; left time: 171.3273s
	iters: 1500, epoch: 2 | loss: 0.0113633
	speed: 0.0132s/iter; left time: 160.6648s
Epoch: 2 cost time: 20.03328514099121
Epoch: 2, Steps: 1521 | Train Loss: 0.0210368 Vali Loss: 0.0249378 Test Loss: 0.0147681
EarlyStopping counter: 1 out of 3
Updating learning rate to 5e-05
	iters: 100, epoch: 3 | loss: 0.0222974
	speed: 0.0542s/iter; left time: 654.4895s
	iters: 200, epoch: 3 | loss: 0.0133705
	speed: 0.0161s/iter; left time: 192.8548s
	iters: 300, epoch: 3 | loss: 0.0257314
	speed: 0.0146s/iter; left time: 173.0458s
	iters: 400, epoch: 3 | loss: 0.0187359
	speed: 0.0134s/iter; left time: 157.8113s
	iters: 500, epoch: 3 | loss: 0.0133838
	speed: 0.0131s/iter; left time: 153.1546s
	iters: 600, epoch: 3 | loss: 0.0076154
	speed: 0.0130s/iter; left time: 149.8836s
	iters: 700, epoch: 3 | loss: 0.0153185
	speed: 0.0131s/iter; left time: 149.8532s
	iters: 800, epoch: 3 | loss: 0.0244423
	speed: 0.0132s/iter; left time: 149.5849s
	iters: 900, epoch: 3 | loss: 0.0128286
	speed: 0.0132s/iter; left time: 148.4792s
	iters: 1000, epoch: 3 | loss: 0.0170673
	speed: 0.0135s/iter; left time: 150.5510s
	iters: 1100, epoch: 3 | loss: 0.0139519
	speed: 0.0129s/iter; left time: 142.6210s
	iters: 1200, epoch: 3 | loss: 0.0110199
	speed: 0.0144s/iter; left time: 158.0105s
	iters: 1300, epoch: 3 | loss: 0.0148734
	speed: 0.0132s/iter; left time: 143.6073s
	iters: 1400, epoch: 3 | loss: 0.0127443
	speed: 0.0134s/iter; left time: 144.0395s
	iters: 1500, epoch: 3 | loss: 0.0076141
	speed: 0.0131s/iter; left time: 139.3148s
Epoch: 3 cost time: 20.843228578567505
Epoch: 3, Steps: 1521 | Train Loss: 0.0151986 Vali Loss: 0.0223712 Test Loss: 0.0151614
EarlyStopping counter: 2 out of 3
Updating learning rate to 2.5e-05
	iters: 100, epoch: 4 | loss: 0.0128065
	speed: 0.0516s/iter; left time: 544.3736s
	iters: 200, epoch: 4 | loss: 0.0098868
	speed: 0.0134s/iter; left time: 139.7242s
	iters: 300, epoch: 4 | loss: 0.0066023
	speed: 0.0128s/iter; left time: 132.4303s
	iters: 400, epoch: 4 | loss: 0.0124769
	speed: 0.0127s/iter; left time: 129.7524s
	iters: 500, epoch: 4 | loss: 0.0100534
	speed: 0.0141s/iter; left time: 143.4678s
	iters: 600, epoch: 4 | loss: 0.0081857
	speed: 0.0135s/iter; left time: 135.7261s
	iters: 700, epoch: 4 | loss: 0.0142143
	speed: 0.0135s/iter; left time: 134.0363s
	iters: 800, epoch: 4 | loss: 0.0071504
	speed: 0.0139s/iter; left time: 137.1731s
	iters: 900, epoch: 4 | loss: 0.0066079
	speed: 0.0131s/iter; left time: 128.1085s
	iters: 1000, epoch: 4 | loss: 0.0108888
	speed: 0.0133s/iter; left time: 128.0244s
	iters: 1100, epoch: 4 | loss: 0.0102640
	speed: 0.0142s/iter; left time: 135.4117s
	iters: 1200, epoch: 4 | loss: 0.0073132
	speed: 0.0131s/iter; left time: 123.5500s
	iters: 1300, epoch: 4 | loss: 0.0051300
	speed: 0.0133s/iter; left time: 124.4166s
	iters: 1400, epoch: 4 | loss: 0.0137300
	speed: 0.0130s/iter; left time: 119.7850s
	iters: 1500, epoch: 4 | loss: 0.0072693
	speed: 0.0132s/iter; left time: 120.9055s
Epoch: 4 cost time: 20.210200786590576
Epoch: 4, Steps: 1521 | Train Loss: 0.0112539 Vali Loss: 0.0066611 Test Loss: 0.0053723
Validation loss decreased (0.014066 --> 0.006661).  Saving model ...
Updating learning rate to 1.25e-05
	iters: 100, epoch: 5 | loss: 0.0072906
	speed: 0.0540s/iter; left time: 487.4504s
	iters: 200, epoch: 5 | loss: 0.0057736
	speed: 0.0128s/iter; left time: 114.5370s
	iters: 300, epoch: 5 | loss: 0.0058805
	speed: 0.0137s/iter; left time: 120.8519s
	iters: 400, epoch: 5 | loss: 0.0069756
	speed: 0.0127s/iter; left time: 110.4144s
	iters: 500, epoch: 5 | loss: 0.0053387
	speed: 0.0134s/iter; left time: 115.3840s
	iters: 600, epoch: 5 | loss: 0.0069249
	speed: 0.0126s/iter; left time: 107.7474s
	iters: 700, epoch: 5 | loss: 0.0130870
	speed: 0.0130s/iter; left time: 109.9249s
	iters: 800, epoch: 5 | loss: 0.0051528
	speed: 0.0130s/iter; left time: 108.5136s
	iters: 900, epoch: 5 | loss: 0.0088311
	speed: 0.0133s/iter; left time: 109.7072s
	iters: 1000, epoch: 5 | loss: 0.0089471
	speed: 0.0146s/iter; left time: 118.9426s
	iters: 1100, epoch: 5 | loss: 0.0115893
	speed: 0.0133s/iter; left time: 106.8411s
	iters: 1200, epoch: 5 | loss: 0.0076882
	speed: 0.0135s/iter; left time: 106.9113s
	iters: 1300, epoch: 5 | loss: 0.0080433
	speed: 0.0131s/iter; left time: 102.7665s
	iters: 1400, epoch: 5 | loss: 0.0061200
	speed: 0.0130s/iter; left time: 100.8239s
	iters: 1500, epoch: 5 | loss: 0.0081520
	speed: 0.0128s/iter; left time: 97.4667s
Epoch: 5 cost time: 20.067707777023315
Epoch: 5, Steps: 1521 | Train Loss: 0.0095770 Vali Loss: 0.0057623 Test Loss: 0.0045913
Validation loss decreased (0.006661 --> 0.005762).  Saving model ...
Updating learning rate to 6.25e-06
	iters: 100, epoch: 6 | loss: 0.0253495
	speed: 0.0529s/iter; left time: 396.8046s
	iters: 200, epoch: 6 | loss: 0.0122910
	speed: 0.0136s/iter; left time: 100.9301s
	iters: 300, epoch: 6 | loss: 0.0080618
	speed: 0.0140s/iter; left time: 102.5018s
	iters: 400, epoch: 6 | loss: 0.0105526
	speed: 0.0130s/iter; left time: 93.7721s
	iters: 500, epoch: 6 | loss: 0.0074172
	speed: 0.0128s/iter; left time: 91.1154s
	iters: 600, epoch: 6 | loss: 0.0072237
	speed: 0.0130s/iter; left time: 90.7879s
	iters: 700, epoch: 6 | loss: 0.0034307
	speed: 0.0129s/iter; left time: 89.2683s
	iters: 800, epoch: 6 | loss: 0.0083981
	speed: 0.0130s/iter; left time: 88.3394s
	iters: 900, epoch: 6 | loss: 0.0059174
	speed: 0.0135s/iter; left time: 90.6168s
	iters: 1000, epoch: 6 | loss: 0.0077054
	speed: 0.0131s/iter; left time: 86.4478s
	iters: 1100, epoch: 6 | loss: 0.0067710
	speed: 0.0131s/iter; left time: 85.3775s
	iters: 1200, epoch: 6 | loss: 0.0091094
	speed: 0.0131s/iter; left time: 84.0202s
	iters: 1300, epoch: 6 | loss: 0.0057655
	speed: 0.0129s/iter; left time: 81.4161s
	iters: 1400, epoch: 6 | loss: 0.0081877
	speed: 0.0130s/iter; left time: 80.6596s
	iters: 1500, epoch: 6 | loss: 0.0089677
	speed: 0.0140s/iter; left time: 85.7326s
Epoch: 6 cost time: 20.05033826828003
Epoch: 6, Steps: 1521 | Train Loss: 0.0086355 Vali Loss: 0.0059734 Test Loss: 0.0045965
EarlyStopping counter: 1 out of 3
Updating learning rate to 3.125e-06
	iters: 100, epoch: 7 | loss: 0.0087305
	speed: 0.0524s/iter; left time: 313.4527s
	iters: 200, epoch: 7 | loss: 0.0056441
	speed: 0.0129s/iter; left time: 75.9635s
	iters: 300, epoch: 7 | loss: 0.0063958
	speed: 0.0132s/iter; left time: 76.2550s
	iters: 400, epoch: 7 | loss: 0.0086427
	speed: 0.0127s/iter; left time: 72.1421s
	iters: 500, epoch: 7 | loss: 0.0073760
	speed: 0.0128s/iter; left time: 71.4394s
	iters: 600, epoch: 7 | loss: 0.0091821
	speed: 0.0127s/iter; left time: 69.3911s
	iters: 700, epoch: 7 | loss: 0.0067746
	speed: 0.0139s/iter; left time: 74.9950s
	iters: 800, epoch: 7 | loss: 0.0085043
	speed: 0.0146s/iter; left time: 77.3751s
	iters: 900, epoch: 7 | loss: 0.0069778
	speed: 0.0130s/iter; left time: 67.4424s
	iters: 1000, epoch: 7 | loss: 0.0166758
	speed: 0.0129s/iter; left time: 65.6604s
	iters: 1100, epoch: 7 | loss: 0.0142314
	speed: 0.0128s/iter; left time: 63.6827s
	iters: 1200, epoch: 7 | loss: 0.0076314
	speed: 0.0132s/iter; left time: 64.2420s
	iters: 1300, epoch: 7 | loss: 0.0058530
	speed: 0.0130s/iter; left time: 62.3868s
	iters: 1400, epoch: 7 | loss: 0.0082633
	speed: 0.0130s/iter; left time: 60.7988s
	iters: 1500, epoch: 7 | loss: 0.0062573
	speed: 0.0136s/iter; left time: 62.2922s
Epoch: 7 cost time: 19.975796699523926
Epoch: 7, Steps: 1521 | Train Loss: 0.0082019 Vali Loss: 0.0060721 Test Loss: 0.0042061
EarlyStopping counter: 2 out of 3
Updating learning rate to 1.5625e-06
	iters: 100, epoch: 8 | loss: 0.0060996
	speed: 0.0531s/iter; left time: 237.1155s
	iters: 200, epoch: 8 | loss: 0.0078806
	speed: 0.0130s/iter; left time: 56.6553s
	iters: 300, epoch: 8 | loss: 0.0061513
	speed: 0.0129s/iter; left time: 55.0689s
	iters: 400, epoch: 8 | loss: 0.0082903
	speed: 0.0132s/iter; left time: 54.7697s
	iters: 500, epoch: 8 | loss: 0.0113348
	speed: 0.0130s/iter; left time: 52.8807s
	iters: 600, epoch: 8 | loss: 0.0151217
	speed: 0.0129s/iter; left time: 51.2816s
	iters: 700, epoch: 8 | loss: 0.0068452
	speed: 0.0127s/iter; left time: 49.0674s
	iters: 800, epoch: 8 | loss: 0.0081187
	speed: 0.0129s/iter; left time: 48.4847s
	iters: 900, epoch: 8 | loss: 0.0048206
	speed: 0.0126s/iter; left time: 46.2529s
	iters: 1000, epoch: 8 | loss: 0.0081987
	speed: 0.0134s/iter; left time: 47.6392s
	iters: 1100, epoch: 8 | loss: 0.0119046
	speed: 0.0130s/iter; left time: 45.1292s
	iters: 1200, epoch: 8 | loss: 0.0070144
	speed: 0.0140s/iter; left time: 47.1505s
	iters: 1300, epoch: 8 | loss: 0.0070230
	speed: 0.0139s/iter; left time: 45.3669s
	iters: 1400, epoch: 8 | loss: 0.0066663
	speed: 0.0130s/iter; left time: 41.1127s
	iters: 1500, epoch: 8 | loss: 0.0212982
	speed: 0.0131s/iter; left time: 40.0325s
Epoch: 8 cost time: 20.045352935791016
Epoch: 8, Steps: 1521 | Train Loss: 0.0080540 Vali Loss: 0.0063970 Test Loss: 0.0047247
EarlyStopping counter: 3 out of 3
Early stopping
>>>>>>>testing : informer_custom_ftMS_sl96_ll48_pl1_dm256_nh8_el2_dl1_df1024_atprob_fc5_ebtimeF_dtTrue_mxTrue_exp_094_0<<<<<<<<<<<<<<<<<<<<<<<<<<<<<<<<<
test 13936
test shape: (435, 32, 1, 1) (435, 32, 1, 1)
test shape: (13920, 1, 1) (13920, 1, 1)
mse:0.004645467270165682, mae:0.051543042063713074, r2:0.9727864917367697


Parsed metrics from Informer output (normalized scale):
  MSE:  0.0046
  MAE:  0.0515
  RMSE: 0.0682
  R2:   0.9728

Metrics after inverse transformation (original scale):
  MSE:  0.6038
  MAE:  0.5876
  RMSE: 0.7770
  R2:   0.9728
  Training time: 196.16s
  RMSE: 0.7770
  MAE:  0.5876
  R2:   0.9728

Saving results...
  Model: Native Informer (saved in external/Informer2020/checkpoints/)
  Predictions: Not saved (native Informer handles this internally)
  Metrics: E:\ANUS_learning\MSI5001-power-transformer-oil-temperature-prediction\models\experiments\exp_094_metrics.json
  Plot: Skipped (native Informer handles visualization internally)

======================================================================
Experiment complete: exp_094
======================================================================

======================================================================
Completed: 2025-11-01 00:33:34
Return code: 0
======================================================================
