======================================================================
Experiment Log
Started: 2025-10-30 17:13:44
Command: C:\ProgramData\anaconda3\python.exe -m scripts.train_configurable --tx-id 2 --model RandomForest --split-method random_window --feature-mode full --lookback-multiplier 6.0 --horizon 1 --experiment-name exp_021
======================================================================

======================================================================
Experiment: exp_021
======================================================================
Transformer:     TX2
Model:           RandomForest
Split method:    random_window
Feature mode:    full
Data suffix:     (default)

Loading data...
  Total samples: 66919
  Features: 17 columns

Window config: WindowConfig(horizon=1, lookback=6, gap=0)
Creating sliding windows...
  Created 66912 windows
  Sampling 40000 windows...
Splitting windows (random, 20% test)...
  Train: 32000 windows
  Test:  8000 windows

Training RandomForest...
  Training time: 5.64s

Evaluating...
  RMSE: 2.1521
  MAE:  1.5614
  R2:   0.9674

Saving results...
  Model: E:\ANUS_learning\MSI5001-power-transformer-oil-temperature-prediction\models\experiments\exp_021_model.joblib
  Predictions: E:\ANUS_learning\MSI5001-power-transformer-oil-temperature-prediction\results\tables\exp_021_predictions.csv
  Metrics: E:\ANUS_learning\MSI5001-power-transformer-oil-temperature-prediction\models\experiments\exp_021_metrics.json
  Plot: E:\ANUS_learning\MSI5001-power-transformer-oil-temperature-prediction\results\figures\exp_021_predictions.png
  Scatter: E:\ANUS_learning\MSI5001-power-transformer-oil-temperature-prediction\results\figures\exp_021_scatter.png

======================================================================
Experiment complete: exp_021
======================================================================

======================================================================
Completed: 2025-10-30 17:13:53
Return code: 0
======================================================================
