======================================================================
Experiment Log
Started: 2025-10-31 21:33:36
Command: C:\ProgramData\anaconda3\python.exe -m scripts.train_configurable --tx-id 2 --model MLP --split-method chronological --feature-mode full_6loads --lookback-multiplier 4.0 --horizon 1 --experiment-name exp_082 --data-suffix _no_outlier
======================================================================

======================================================================
Experiment: exp_082
======================================================================
Transformer:     TX2
Model:           MLP
Split method:    chronological
Feature mode:    full_6loads
Data suffix:     _no_outlier

Loading data...
  Total samples: 69680
  Features: 21 columns

Window config: WindowConfig(horizon=1, lookback=4, gap=0)
Creating sliding windows...
  Created 69675 windows
Splitting windows (chronological, 20% test)...
  Train: 55740 windows
  Test:  13935 windows

Training MLP...
Using GPU: NVIDIA GeForce RTX 4070 Ti SUPER
  Training time: 153.40s

Evaluating...
  RMSE: 8.1549
  MAE:  6.2497
  R2:   0.4192

Saving results...
  Model: E:\ANUS_learning\MSI5001-power-transformer-oil-temperature-prediction\models\experiments\exp_082_model.joblib
  Predictions: E:\ANUS_learning\MSI5001-power-transformer-oil-temperature-prediction\results\tables\exp_082_predictions.csv
  Metrics: E:\ANUS_learning\MSI5001-power-transformer-oil-temperature-prediction\models\experiments\exp_082_metrics.json
  Plot: E:\ANUS_learning\MSI5001-power-transformer-oil-temperature-prediction\results\figures\exp_082_predictions.png
  Scatter: E:\ANUS_learning\MSI5001-power-transformer-oil-temperature-prediction\results\figures\exp_082_scatter.png

======================================================================
Experiment complete: exp_082
======================================================================

======================================================================
Completed: 2025-10-31 21:36:14
Return code: 0
======================================================================
