======================================================================
Experiment Log
Started: 2025-10-30 17:25:19
Command: C:\ProgramData\anaconda3\python.exe -m scripts.train_configurable --tx-id 2 --model RNN --split-method random_window --feature-mode full --lookback-multiplier 2.0 --horizon 1 --experiment-name exp_055
======================================================================

======================================================================
Experiment: exp_055
======================================================================
Transformer:     TX2
Model:           RNN
Split method:    random_window
Feature mode:    full
Data suffix:     (default)

Loading data...
  Total samples: 66919
  Features: 17 columns

Window config: WindowConfig(horizon=1, lookback=2, gap=0)
Creating sliding windows for RNN (keeping sequence structure)...
  Created 66916 windows (shape: (66916, 2, 17))
  Sampling 40000 windows...
Splitting windows (random, 20% test)...
  Train: 32000 windows
  Test:  8000 windows

Training RNN...
Using GPU: NVIDIA GeForce RTX 4070 Ti SUPER
  Training time: 117.60s

Evaluating...
  RMSE: 3.8880
  MAE:  3.0222
  R2:   0.8941

Saving results...
  Model: E:\ANUS_learning\MSI5001-power-transformer-oil-temperature-prediction\models\experiments\exp_055_model.joblib
  Predictions: E:\ANUS_learning\MSI5001-power-transformer-oil-temperature-prediction\results\tables\exp_055_predictions.csv
  Metrics: E:\ANUS_learning\MSI5001-power-transformer-oil-temperature-prediction\models\experiments\exp_055_metrics.json
  Plot: E:\ANUS_learning\MSI5001-power-transformer-oil-temperature-prediction\results\figures\exp_055_predictions.png
  Scatter: E:\ANUS_learning\MSI5001-power-transformer-oil-temperature-prediction\results\figures\exp_055_scatter.png

======================================================================
Experiment complete: exp_055
======================================================================

======================================================================
Completed: 2025-10-30 17:27:21
Return code: 0
======================================================================
