======================================================================
Experiment Log
Started: 2025-10-30 17:16:17
Command: C:\ProgramData\anaconda3\python.exe -m scripts.train_configurable --tx-id 2 --model MLP --split-method random_window --feature-mode full --lookback-multiplier 2.0 --horizon 1 --experiment-name exp_037
======================================================================

======================================================================
Experiment: exp_037
======================================================================
Transformer:     TX2
Model:           MLP
Split method:    random_window
Feature mode:    full
Data suffix:     (default)

Loading data...
  Total samples: 66919
  Features: 17 columns

Window config: WindowConfig(horizon=1, lookback=2, gap=0)
Creating sliding windows...
  Created 66916 windows
  Sampling 40000 windows...
Splitting windows (random, 20% test)...
  Train: 32000 windows
  Test:  8000 windows

Training MLP...
Using GPU: NVIDIA GeForce RTX 4070 Ti SUPER
  Training time: 51.38s

Evaluating...
  RMSE: 3.4130
  MAE:  2.5217
  R2:   0.9184

Saving results...
  Model: E:\ANUS_learning\MSI5001-power-transformer-oil-temperature-prediction\models\experiments\exp_037_model.joblib
  Predictions: E:\ANUS_learning\MSI5001-power-transformer-oil-temperature-prediction\results\tables\exp_037_predictions.csv
  Metrics: E:\ANUS_learning\MSI5001-power-transformer-oil-temperature-prediction\models\experiments\exp_037_metrics.json
  Plot: E:\ANUS_learning\MSI5001-power-transformer-oil-temperature-prediction\results\figures\exp_037_predictions.png
  Scatter: E:\ANUS_learning\MSI5001-power-transformer-oil-temperature-prediction\results\figures\exp_037_scatter.png

======================================================================
Experiment complete: exp_037
======================================================================

======================================================================
Completed: 2025-10-30 17:17:12
Return code: 0
======================================================================
