======================================================================
Experiment Log
Started: 2025-10-30 21:11:29
Command: C:\ProgramData\anaconda3\python.exe -m scripts.train_configurable --tx-id 2 --model MLP --split-method random_window --feature-mode full --lookback-multiplier 6.0 --horizon 168 --experiment-name exp_045
======================================================================

======================================================================
Experiment: exp_045
======================================================================
Transformer:     TX2
Model:           MLP
Split method:    random_window
Feature mode:    full
Data suffix:     (default)

Loading data...
  Total samples: 66919
  Features: 17 columns

Window config: WindowConfig(horizon=168, lookback=1008, gap=0)
Creating sliding windows...
  Created 65743 windows
  Sampling 40000 windows...
Splitting windows (random, 20% test)...
  Train: 32000 windows
  Test:  8000 windows

Training MLP...
Using GPU: NVIDIA GeForce RTX 4070 Ti SUPER
  Training time: 58.12s

Evaluating...
  RMSE: 2.8027
  MAE:  2.0865
  R2:   0.9450

Saving results...
  Model: E:\ANUS_learning\MSI5001-power-transformer-oil-temperature-prediction\models\experiments\exp_045_model.joblib
  Predictions: E:\ANUS_learning\MSI5001-power-transformer-oil-temperature-prediction\results\tables\exp_045_predictions.csv
  Metrics: E:\ANUS_learning\MSI5001-power-transformer-oil-temperature-prediction\models\experiments\exp_045_metrics.json
  Plot: E:\ANUS_learning\MSI5001-power-transformer-oil-temperature-prediction\results\figures\exp_045_predictions.png
  Scatter: E:\ANUS_learning\MSI5001-power-transformer-oil-temperature-prediction\results\figures\exp_045_scatter.png

======================================================================
Experiment complete: exp_045
======================================================================

======================================================================
Completed: 2025-10-30 21:12:31
Return code: 0
======================================================================
