======================================================================
Experiment Log
Started: 2025-10-30 21:23:48
Command: C:\ProgramData\anaconda3\python.exe -m scripts.train_configurable --tx-id 2 --model RNN --split-method random_window --feature-mode full --lookback-multiplier 6.0 --horizon 168 --experiment-name exp_063
======================================================================

======================================================================
Experiment: exp_063
======================================================================
Transformer:     TX2
Model:           RNN
Split method:    random_window
Feature mode:    full
Data suffix:     (default)

Loading data...
  Total samples: 66919
  Features: 17 columns

Window config: WindowConfig(horizon=168, lookback=1008, gap=0)
Creating sliding windows for RNN (keeping sequence structure)...
  Created 65743 windows (shape: (65743, 1008, 17))
  Sampling 40000 windows...
Splitting windows (random, 20% test)...
  Train: 32000 windows
  Test:  8000 windows

Training RNN...
Using GPU: NVIDIA GeForce RTX 4070 Ti SUPER
  Training time: 173.63s

Evaluating...
  RMSE: 4.4322
  MAE:  3.4731
  R2:   0.8626

Saving results...
  Model: E:\ANUS_learning\MSI5001-power-transformer-oil-temperature-prediction\models\experiments\exp_063_model.joblib
  Predictions: E:\ANUS_learning\MSI5001-power-transformer-oil-temperature-prediction\results\tables\exp_063_predictions.csv
  Metrics: E:\ANUS_learning\MSI5001-power-transformer-oil-temperature-prediction\models\experiments\exp_063_metrics.json
  Plot: E:\ANUS_learning\MSI5001-power-transformer-oil-temperature-prediction\results\figures\exp_063_predictions.png
  Scatter: E:\ANUS_learning\MSI5001-power-transformer-oil-temperature-prediction\results\figures\exp_063_scatter.png

======================================================================
Experiment complete: exp_063
======================================================================

======================================================================
Completed: 2025-10-30 21:26:47
Return code: 0
======================================================================
