======================================================================
Experiment Log
Started: 2025-10-30 21:08:31
Command: C:\ProgramData\anaconda3\python.exe -m scripts.train_configurable --tx-id 2 --model MLP --split-method random_window --feature-mode full --lookback-multiplier 6.0 --horizon 24 --experiment-name exp_042
======================================================================

======================================================================
Experiment: exp_042
======================================================================
Transformer:     TX2
Model:           MLP
Split method:    random_window
Feature mode:    full
Data suffix:     (default)

Loading data...
  Total samples: 66919
  Features: 17 columns

Window config: WindowConfig(horizon=24, lookback=144, gap=0)
Creating sliding windows...
  Created 66751 windows
  Sampling 40000 windows...
Splitting windows (random, 20% test)...
  Train: 32000 windows
  Test:  8000 windows

Training MLP...
Using GPU: NVIDIA GeForce RTX 4070 Ti SUPER
  Training time: 45.65s

Evaluating...
  RMSE: 3.0530
  MAE:  2.3164
  R2:   0.9346

Saving results...
  Model: E:\ANUS_learning\MSI5001-power-transformer-oil-temperature-prediction\models\experiments\exp_042_model.joblib
  Predictions: E:\ANUS_learning\MSI5001-power-transformer-oil-temperature-prediction\results\tables\exp_042_predictions.csv
  Metrics: E:\ANUS_learning\MSI5001-power-transformer-oil-temperature-prediction\models\experiments\exp_042_metrics.json
  Plot: E:\ANUS_learning\MSI5001-power-transformer-oil-temperature-prediction\results\figures\exp_042_predictions.png
  Scatter: E:\ANUS_learning\MSI5001-power-transformer-oil-temperature-prediction\results\figures\exp_042_scatter.png

======================================================================
Experiment complete: exp_042
======================================================================

======================================================================
Completed: 2025-10-30 21:09:21
Return code: 0
======================================================================
