======================================================================
Experiment Log
Started: 2025-10-30 21:12:31
Command: C:\ProgramData\anaconda3\python.exe -m scripts.train_configurable --tx-id 1 --model RNN --split-method random_window --feature-mode full --lookback-multiplier 2.0 --horizon 24 --experiment-name exp_049
======================================================================

======================================================================
Experiment: exp_049
======================================================================
Transformer:     TX1
Model:           RNN
Split method:    random_window
Feature mode:    full
Data suffix:     (default)

Loading data...
  Total samples: 65562
  Added TX1 dynamic features
  Features: 21 columns

Window config: WindowConfig(horizon=24, lookback=48, gap=0)
Creating sliding windows for RNN (keeping sequence structure)...
  Created 65490 windows (shape: (65490, 48, 21))
  Sampling 40000 windows...
Splitting windows (random, 20% test)...
  Train: 32000 windows
  Test:  8000 windows

Training RNN...
Using GPU: NVIDIA GeForce RTX 4070 Ti SUPER
  Training time: 38.03s

Evaluating...
  RMSE: 3.9155
  MAE:  3.0641
  R2:   0.7366

Saving results...
  Model: E:\ANUS_learning\MSI5001-power-transformer-oil-temperature-prediction\models\experiments\exp_049_model.joblib
  Predictions: E:\ANUS_learning\MSI5001-power-transformer-oil-temperature-prediction\results\tables\exp_049_predictions.csv
  Metrics: E:\ANUS_learning\MSI5001-power-transformer-oil-temperature-prediction\models\experiments\exp_049_metrics.json
  Plot: E:\ANUS_learning\MSI5001-power-transformer-oil-temperature-prediction\results\figures\exp_049_predictions.png
  Scatter: E:\ANUS_learning\MSI5001-power-transformer-oil-temperature-prediction\results\figures\exp_049_scatter.png

======================================================================
Experiment complete: exp_049
======================================================================

======================================================================
Completed: 2025-10-30 21:13:13
Return code: 0
======================================================================
