======================================================================
Experiment Log
Started: 2025-10-31 15:39:27
Command: C:\ProgramData\anaconda3\python.exe -m scripts.train_configurable --tx-id 2 --model RNN --split-method chronological --feature-mode full_6loads --lookback-multiplier 4.0 --horizon 168 --experiment-name exp_090 --data-suffix _no_outlier
======================================================================

======================================================================
Experiment: exp_090
======================================================================
Transformer:     TX2
Model:           RNN
Split method:    chronological
Feature mode:    full_6loads
Data suffix:     _no_outlier

Loading data...
  Total samples: 69680
  Features: 21 columns

Window config: WindowConfig(horizon=168, lookback=672, gap=0)
Creating sliding windows for RNN (keeping sequence structure)...
  Created 68840 windows (shape: (68840, 672, 21))
Splitting windows (chronological, 20% test)...
  Train: 55072 windows
  Test:  13768 windows

Training RNN...
Using GPU: NVIDIA GeForce RTX 4070 Ti SUPER
  Training time: 88.99s

Evaluating...
  RMSE: 5.9948
  MAE:  4.8626
  R2:   0.6785

Saving results...
  Model: E:\ANUS_learning\MSI5001-power-transformer-oil-temperature-prediction\models\experiments\exp_090_model.joblib
  Predictions: E:\ANUS_learning\MSI5001-power-transformer-oil-temperature-prediction\results\tables\exp_090_predictions.csv
  Metrics: E:\ANUS_learning\MSI5001-power-transformer-oil-temperature-prediction\models\experiments\exp_090_metrics.json
  Plot: E:\ANUS_learning\MSI5001-power-transformer-oil-temperature-prediction\results\figures\exp_090_predictions.png
  Scatter: E:\ANUS_learning\MSI5001-power-transformer-oil-temperature-prediction\results\figures\exp_090_scatter.png

======================================================================
Experiment complete: exp_090
======================================================================

======================================================================
Completed: 2025-10-31 15:41:02
Return code: 0
======================================================================
