======================================================================
Experiment Log
Started: 2025-10-30 17:14:29
Command: C:\ProgramData\anaconda3\python.exe -m scripts.train_configurable --tx-id 1 --model MLP --split-method random_window --feature-mode full --lookback-multiplier 4.0 --horizon 1 --experiment-name exp_029
======================================================================

======================================================================
Experiment: exp_029
======================================================================
Transformer:     TX1
Model:           MLP
Split method:    random_window
Feature mode:    full
Data suffix:     (default)

Loading data...
  Total samples: 65562
  Added TX1 dynamic features
  Features: 21 columns

Window config: WindowConfig(horizon=1, lookback=4, gap=0)
Creating sliding windows...
  Created 65557 windows
  Sampling 40000 windows...
Splitting windows (random, 20% test)...
  Train: 32000 windows
  Test:  8000 windows

Training MLP...
Using GPU: NVIDIA GeForce RTX 4070 Ti SUPER
  Training time: 50.85s

Evaluating...
  RMSE: 2.7411
  MAE:  1.9768
  R2:   0.8705

Saving results...
  Model: E:\ANUS_learning\MSI5001-power-transformer-oil-temperature-prediction\models\experiments\exp_029_model.joblib
  Predictions: E:\ANUS_learning\MSI5001-power-transformer-oil-temperature-prediction\results\tables\exp_029_predictions.csv
  Metrics: E:\ANUS_learning\MSI5001-power-transformer-oil-temperature-prediction\models\experiments\exp_029_metrics.json
  Plot: E:\ANUS_learning\MSI5001-power-transformer-oil-temperature-prediction\results\figures\exp_029_predictions.png
  Scatter: E:\ANUS_learning\MSI5001-power-transformer-oil-temperature-prediction\results\figures\exp_029_scatter.png

======================================================================
Experiment complete: exp_029
======================================================================

======================================================================
Completed: 2025-10-30 17:15:23
Return code: 0
======================================================================
