======================================================================
Experiment Log
Started: 2025-10-30 21:27:54
Command: C:\ProgramData\anaconda3\python.exe -m scripts.train_configurable --tx-id 1 --model RNN --split-method random_window --feature-mode full --lookback-multiplier 4.0 --horizon 24 --experiment-name exp_065
======================================================================

======================================================================
Experiment: exp_065
======================================================================
Transformer:     TX1
Model:           RNN
Split method:    random_window
Feature mode:    full
Data suffix:     (default)

Loading data...
  Total samples: 65562
  Added TX1 dynamic features
  Features: 21 columns

Window config: WindowConfig(horizon=24, lookback=96, gap=0)
Creating sliding windows for RNN (keeping sequence structure)...
  Created 65442 windows (shape: (65442, 96, 21))
  Sampling 40000 windows...
Splitting windows (random, 20% test)...
  Train: 32000 windows
  Test:  8000 windows

Training RNN...
Using GPU: NVIDIA GeForce RTX 4070 Ti SUPER
  Training time: 38.67s

Evaluating...
  RMSE: 3.8459
  MAE:  2.9903
  R2:   0.7443

Saving results...
  Model: E:\ANUS_learning\MSI5001-power-transformer-oil-temperature-prediction\models\experiments\exp_065_model.joblib
  Predictions: E:\ANUS_learning\MSI5001-power-transformer-oil-temperature-prediction\results\tables\exp_065_predictions.csv
  Metrics: E:\ANUS_learning\MSI5001-power-transformer-oil-temperature-prediction\models\experiments\exp_065_metrics.json
  Plot: E:\ANUS_learning\MSI5001-power-transformer-oil-temperature-prediction\results\figures\exp_065_predictions.png
  Scatter: E:\ANUS_learning\MSI5001-power-transformer-oil-temperature-prediction\results\figures\exp_065_scatter.png

======================================================================
Experiment complete: exp_065
======================================================================

======================================================================
Completed: 2025-10-30 21:28:37
Return code: 0
======================================================================
