======================================================================
Experiment Log
Started: 2025-10-30 17:19:24
Command: C:\ProgramData\anaconda3\python.exe -m scripts.train_configurable --tx-id 1 --model RNN --split-method random_window --feature-mode full --lookback-multiplier 2.0 --horizon 1 --experiment-name exp_046
======================================================================

======================================================================
Experiment: exp_046
======================================================================
Transformer:     TX1
Model:           RNN
Split method:    random_window
Feature mode:    full
Data suffix:     (default)

Loading data...
  Total samples: 65562
  Added TX1 dynamic features
  Features: 21 columns

Window config: WindowConfig(horizon=1, lookback=2, gap=0)
Creating sliding windows for RNN (keeping sequence structure)...
  Created 65559 windows (shape: (65559, 2, 21))
  Sampling 40000 windows...
Splitting windows (random, 20% test)...
  Train: 32000 windows
  Test:  8000 windows

Training RNN...
Using GPU: NVIDIA GeForce RTX 4070 Ti SUPER
  Training time: 136.23s

Evaluating...
  RMSE: 3.2784
  MAE:  2.4212
  R2:   0.8176

Saving results...
  Model: E:\ANUS_learning\MSI5001-power-transformer-oil-temperature-prediction\models\experiments\exp_046_model.joblib
  Predictions: E:\ANUS_learning\MSI5001-power-transformer-oil-temperature-prediction\results\tables\exp_046_predictions.csv
  Metrics: E:\ANUS_learning\MSI5001-power-transformer-oil-temperature-prediction\models\experiments\exp_046_metrics.json
  Plot: E:\ANUS_learning\MSI5001-power-transformer-oil-temperature-prediction\results\figures\exp_046_predictions.png
  Scatter: E:\ANUS_learning\MSI5001-power-transformer-oil-temperature-prediction\results\figures\exp_046_scatter.png

======================================================================
Experiment complete: exp_046
======================================================================

======================================================================
Completed: 2025-10-30 17:21:44
Return code: 0
======================================================================
