======================================================================
Experiment Log
Started: 2025-10-31 15:18:00
Command: C:\ProgramData\anaconda3\python.exe -m scripts.train_configurable --tx-id 1 --model RandomForest --split-method chronological --feature-mode full_6loads --lookback-multiplier 4.0 --horizon 24 --experiment-name exp_074 --data-suffix _no_outlier
======================================================================

======================================================================
Experiment: exp_074
======================================================================
Transformer:     TX1
Model:           RandomForest
Split method:    chronological
Feature mode:    full_6loads
Data suffix:     _no_outlier

Loading data...
  Total samples: 69680
  Added TX1 dynamic features
  Features: 25 columns

Splitting data (chronological, 20% test)...
  Train: 55744 samples
  Test:  13936 samples

Training RandomForest...
  Training time: 3.65s

Evaluating...
  RMSE: 7.8516
  MAE:  6.8336
  R2:   -4.1881

Saving results...
  Model: E:\ANUS_learning\MSI5001-power-transformer-oil-temperature-prediction\models\experiments\exp_074_model.joblib
  Predictions: E:\ANUS_learning\MSI5001-power-transformer-oil-temperature-prediction\results\tables\exp_074_predictions.csv
  Metrics: E:\ANUS_learning\MSI5001-power-transformer-oil-temperature-prediction\models\experiments\exp_074_metrics.json
  Plot: E:\ANUS_learning\MSI5001-power-transformer-oil-temperature-prediction\results\figures\exp_074_predictions.png
  Scatter: E:\ANUS_learning\MSI5001-power-transformer-oil-temperature-prediction\results\figures\exp_074_scatter.png

======================================================================
Experiment complete: exp_074
======================================================================

======================================================================
Completed: 2025-10-31 15:18:08
Return code: 0
======================================================================
