======================================================================
Experiment Log
Started: 2025-10-30 20:18:59
Command: C:\ProgramData\anaconda3\python.exe -m scripts.train_configurable --tx-id 2 --model RandomForest --split-method random_window --feature-mode full --lookback-multiplier 4.0 --horizon 24 --experiment-name exp_023
======================================================================

======================================================================
Experiment: exp_023
======================================================================
Transformer:     TX2
Model:           RandomForest
Split method:    random_window
Feature mode:    full
Data suffix:     (default)

Loading data...
  Total samples: 66919
  Features: 17 columns

Window config: WindowConfig(horizon=24, lookback=96, gap=0)
Creating sliding windows...
  Created 66799 windows
  Sampling 40000 windows...
Splitting windows (random, 20% test)...
  Train: 32000 windows
  Test:  8000 windows

Training RandomForest...
  Training time: 93.75s

Evaluating...
  RMSE: 2.1620
  MAE:  1.5429
  R2:   0.9667

Saving results...
  Model: E:\ANUS_learning\MSI5001-power-transformer-oil-temperature-prediction\models\experiments\exp_023_model.joblib
  Predictions: E:\ANUS_learning\MSI5001-power-transformer-oil-temperature-prediction\results\tables\exp_023_predictions.csv
  Metrics: E:\ANUS_learning\MSI5001-power-transformer-oil-temperature-prediction\models\experiments\exp_023_metrics.json
  Plot: E:\ANUS_learning\MSI5001-power-transformer-oil-temperature-prediction\results\figures\exp_023_predictions.png
  Scatter: E:\ANUS_learning\MSI5001-power-transformer-oil-temperature-prediction\results\figures\exp_023_scatter.png

======================================================================
Experiment complete: exp_023
======================================================================

======================================================================
Completed: 2025-10-30 20:20:36
Return code: 0
======================================================================
