======================================================================
Experiment Log
Started: 2025-10-30 17:13:30
Command: C:\ProgramData\anaconda3\python.exe -m scripts.train_configurable --tx-id 2 --model RandomForest --split-method random_window --feature-mode full --lookback-multiplier 2.0 --horizon 1 --experiment-name exp_019
======================================================================

======================================================================
Experiment: exp_019
======================================================================
Transformer:     TX2
Model:           RandomForest
Split method:    random_window
Feature mode:    full
Data suffix:     (default)

Loading data...
  Total samples: 66919
  Features: 17 columns

Window config: WindowConfig(horizon=1, lookback=2, gap=0)
Creating sliding windows...
  Created 66916 windows
  Sampling 40000 windows...
Splitting windows (random, 20% test)...
  Train: 32000 windows
  Test:  8000 windows

Training RandomForest...
  Training time: 2.02s

Evaluating...
  RMSE: 2.0924
  MAE:  1.4810
  R2:   0.9693

Saving results...
  Model: E:\ANUS_learning\MSI5001-power-transformer-oil-temperature-prediction\models\experiments\exp_019_model.joblib
  Predictions: E:\ANUS_learning\MSI5001-power-transformer-oil-temperature-prediction\results\tables\exp_019_predictions.csv
  Metrics: E:\ANUS_learning\MSI5001-power-transformer-oil-temperature-prediction\models\experiments\exp_019_metrics.json
  Plot: E:\ANUS_learning\MSI5001-power-transformer-oil-temperature-prediction\results\figures\exp_019_predictions.png
  Scatter: E:\ANUS_learning\MSI5001-power-transformer-oil-temperature-prediction\results\figures\exp_019_scatter.png

======================================================================
Experiment complete: exp_019
======================================================================

======================================================================
Completed: 2025-10-30 17:13:36
Return code: 0
======================================================================
