======================================================================
Experiment Log
Started: 2025-10-30 20:23:07
Command: C:\ProgramData\anaconda3\python.exe -m scripts.train_configurable --tx-id 2 --model RandomForest --split-method random_window --feature-mode full --lookback-multiplier 2.0 --horizon 168 --experiment-name exp_025
======================================================================

======================================================================
Experiment: exp_025
======================================================================
Transformer:     TX2
Model:           RandomForest
Split method:    random_window
Feature mode:    full
Data suffix:     (default)

Loading data...
  Total samples: 66919
  Features: 17 columns

Window config: WindowConfig(horizon=168, lookback=336, gap=0)
Creating sliding windows...
  Created 66415 windows
  Sampling 40000 windows...
Splitting windows (random, 20% test)...
  Train: 32000 windows
  Test:  8000 windows

Training RandomForest...
  Training time: 360.45s

Evaluating...
  RMSE: 2.3345
  MAE:  1.7120
  R2:   0.9613

Saving results...
  Model: E:\ANUS_learning\MSI5001-power-transformer-oil-temperature-prediction\models\experiments\exp_025_model.joblib
  Predictions: E:\ANUS_learning\MSI5001-power-transformer-oil-temperature-prediction\results\tables\exp_025_predictions.csv
  Metrics: E:\ANUS_learning\MSI5001-power-transformer-oil-temperature-prediction\models\experiments\exp_025_metrics.json
  Plot: E:\ANUS_learning\MSI5001-power-transformer-oil-temperature-prediction\results\figures\exp_025_predictions.png
  Scatter: E:\ANUS_learning\MSI5001-power-transformer-oil-temperature-prediction\results\figures\exp_025_scatter.png

======================================================================
Experiment complete: exp_025
======================================================================

======================================================================
Completed: 2025-10-30 20:29:11
Return code: 0
======================================================================
