======================================================================
Experiment Log
Started: 2025-10-31 19:56:31
Command: C:\ProgramData\anaconda3\python.exe -m scripts.train_configurable --tx-id 1 --model MLP --split-method chronological --feature-mode full_6loads --lookback-multiplier 4.0 --horizon 168 --experiment-name exp_081 --data-suffix _no_outlier
======================================================================

======================================================================
Experiment: exp_081
======================================================================
Transformer:     TX1
Model:           MLP
Split method:    chronological
Feature mode:    full_6loads
Data suffix:     _no_outlier

Loading data...
  Total samples: 69680
  Added TX1 dynamic features
  Features: 25 columns

Window config: WindowConfig(horizon=168, lookback=672, gap=0)
Creating sliding windows...
  Created 68840 windows
Splitting windows (chronological, 20% test)...
  Train: 55072 windows
  Test:  13768 windows

Training MLP...
Using GPU: NVIDIA GeForce RTX 4070 Ti SUPER
  Training time: 68.00s

Evaluating...
  RMSE: 7.1691
  MAE:  5.9901
  R2:   -3.3901

Saving results...
  Model: E:\ANUS_learning\MSI5001-power-transformer-oil-temperature-prediction\models\experiments\exp_081_model.joblib
  Predictions: E:\ANUS_learning\MSI5001-power-transformer-oil-temperature-prediction\results\tables\exp_081_predictions.csv
  Metrics: E:\ANUS_learning\MSI5001-power-transformer-oil-temperature-prediction\models\experiments\exp_081_metrics.json
  Plot: E:\ANUS_learning\MSI5001-power-transformer-oil-temperature-prediction\results\figures\exp_081_predictions.png
  Scatter: E:\ANUS_learning\MSI5001-power-transformer-oil-temperature-prediction\results\figures\exp_081_scatter.png

======================================================================
Experiment complete: exp_081
======================================================================

======================================================================
Completed: 2025-10-31 19:57:43
Return code: 0
======================================================================
