======================================================================
Experiment Log
Started: 2025-10-30 15:34:37
Command: /opt/miniconda3/bin/python -m scripts.train_configurable --tx-id 2 --model RNN --split-method random_window --feature-mode full --lookback-multiplier 4.0 --horizon 1 --experiment-name exp_056
======================================================================

======================================================================
Experiment: exp_056
======================================================================
Transformer:     TX2
Model:           RNN
Split method:    random_window
Feature mode:    full
Data suffix:     (default)

Loading data...
  Total samples: 66919
  Features: 17 columns

Window config: WindowConfig(horizon=1, lookback=4, gap=0)
Creating sliding windows for RNN (keeping sequence structure)...
  Created 66914 windows (shape: (66914, 4, 17))
  Sampling 40000 windows...
Splitting windows (random, 20% test)...
  Train: 32000 windows
  Test:  8000 windows

Training RNN...
Using Apple Silicon GPU (MPS)
  Training time: 517.57s

Evaluating...
  RMSE: 3.8410
  MAE:  2.9729
  R2:   0.8965

Saving results...
  Model: /Users/dafeng/Documents/ai_learning/NUS_courses/MSI5001/group_work/MSI5001-power-transformer-oil-temperature-prediction/models/experiments/exp_056_model.joblib
  Predictions: /Users/dafeng/Documents/ai_learning/NUS_courses/MSI5001/group_work/MSI5001-power-transformer-oil-temperature-prediction/results/tables/exp_056_predictions.csv
  Metrics: /Users/dafeng/Documents/ai_learning/NUS_courses/MSI5001/group_work/MSI5001-power-transformer-oil-temperature-prediction/models/experiments/exp_056_metrics.json
  Plot: /Users/dafeng/Documents/ai_learning/NUS_courses/MSI5001/group_work/MSI5001-power-transformer-oil-temperature-prediction/results/figures/exp_056_predictions.png
  Scatter: /Users/dafeng/Documents/ai_learning/NUS_courses/MSI5001/group_work/MSI5001-power-transformer-oil-temperature-prediction/results/figures/exp_056_scatter.png

======================================================================
Experiment complete: exp_056
======================================================================

======================================================================
Completed: 2025-10-30 15:43:17
Return code: 0
======================================================================
