======================================================================
Experiment Log
Started: 2025-10-31 19:26:15
Command: C:\ProgramData\anaconda3\python.exe -m scripts.train_configurable --tx-id 1 --model RandomForest --split-method random_window --feature-mode full --lookback-multiplier 2.0 --horizon 168 --experiment-name exp_016
======================================================================

======================================================================
Experiment: exp_016
======================================================================
Transformer:     TX1
Model:           RandomForest
Split method:    random_window
Feature mode:    full
Data suffix:     (default)

Loading data...
  Total samples: 65562
  Added TX1 dynamic features
  Features: 21 columns

Window config: WindowConfig(horizon=168, lookback=336, gap=0)
Creating sliding windows...
  Created 65058 windows
  Sampling 40000 windows...
Splitting windows (random, 20% test)...
  Train: 32000 windows
  Test:  8000 windows

Training RandomForest...
  Training time: 634.41s

Evaluating...
  RMSE: 1.3291
  MAE:  0.9513
  R2:   0.9688

Saving results...
  Model: E:\ANUS_learning\MSI5001-power-transformer-oil-temperature-prediction\models\experiments\exp_016_model.joblib
  Predictions: E:\ANUS_learning\MSI5001-power-transformer-oil-temperature-prediction\results\tables\exp_016_predictions.csv
  Metrics: E:\ANUS_learning\MSI5001-power-transformer-oil-temperature-prediction\models\experiments\exp_016_metrics.json
  Plot: E:\ANUS_learning\MSI5001-power-transformer-oil-temperature-prediction\results\figures\exp_016_predictions.png
  Scatter: E:\ANUS_learning\MSI5001-power-transformer-oil-temperature-prediction\results\figures\exp_016_scatter.png

======================================================================
Experiment complete: exp_016
======================================================================

======================================================================
Completed: 2025-10-31 19:36:53
Return code: 0
======================================================================
