======================================================================
Experiment Log
Started: 2025-11-01 13:34:22
Command: C:\ProgramData\anaconda3\python.exe -m scripts.train_configurable --tx-id 2 --model RNN --split-method chronological --feature-mode loads_6_only --lookback-multiplier 4.0 --horizon 1 --experiment-name exp_103 --data-suffix _no_outlier
======================================================================

======================================================================
Experiment: exp_103
======================================================================
Transformer:     TX2
Model:           RNN
Split method:    chronological
Feature mode:    loads_6_only
Data suffix:     _no_outlier

Loading data...
  Total samples: 69680
  Features: 6 columns

Window config: WindowConfig(horizon=1, lookback=4, gap=0)
Creating sliding windows for RNN (keeping sequence structure)...
  Created 69675 windows (shape: (69675, 4, 6))
Splitting windows (chronological, 20% test)...
  Train: 55740 windows
  Test:  13935 windows

Training RNN...
Using GPU: NVIDIA GeForce RTX 4070 Ti SUPER
  Training time: 108.28s

Evaluating...
  RMSE: 11.0470
  MAE:  8.5649
  R2:   -0.0659

Saving results...
  Model: E:\ANUS_learning\MSI5001-power-transformer-oil-temperature-prediction\models\experiments\exp_103_model.joblib
  Predictions: E:\ANUS_learning\MSI5001-power-transformer-oil-temperature-prediction\results\tables\exp_103_predictions.csv
  Metrics: E:\ANUS_learning\MSI5001-power-transformer-oil-temperature-prediction\models\experiments\exp_103_metrics.json
  Plot: E:\ANUS_learning\MSI5001-power-transformer-oil-temperature-prediction\results\figures\exp_103_predictions.png
  Scatter: E:\ANUS_learning\MSI5001-power-transformer-oil-temperature-prediction\results\figures\exp_103_scatter.png

======================================================================
Experiment complete: exp_103
======================================================================

======================================================================
Completed: 2025-11-01 13:36:15
Return code: 0
======================================================================
