======================================================================
Experiment Log
Started: 2025-10-30 15:00:46
Command: /opt/miniconda3/bin/python -m scripts.train_configurable --tx-id 1 --model RandomForest --split-method random_window --feature-mode time_only --lookback-multiplier 4.0 --horizon 1 --experiment-name exp_009
======================================================================

======================================================================
Experiment: exp_009
======================================================================
Transformer:     TX1
Model:           RandomForest
Split method:    random_window
Feature mode:    time_only
Data suffix:     (default)

Loading data...
  Total samples: 65562
  Features: 15 columns

Window config: WindowConfig(horizon=1, lookback=4, gap=0)
Creating sliding windows...
  Created 65557 windows
  Sampling 40000 windows...
Splitting windows (random, 20% test)...
  Train: 32000 windows
  Test:  8000 windows

Training RandomForest...
  Training time: 2.71s

Evaluating...
  RMSE: 2.9925
  MAE:  2.2337
  R2:   0.8456

Saving results...
  Model: /Users/dafeng/Documents/ai_learning/NUS_courses/MSI5001/group_work/MSI5001-power-transformer-oil-temperature-prediction/models/experiments/exp_009_model.joblib
  Predictions: /Users/dafeng/Documents/ai_learning/NUS_courses/MSI5001/group_work/MSI5001-power-transformer-oil-temperature-prediction/results/tables/exp_009_predictions.csv
  Metrics: /Users/dafeng/Documents/ai_learning/NUS_courses/MSI5001/group_work/MSI5001-power-transformer-oil-temperature-prediction/models/experiments/exp_009_metrics.json
  Plot: /Users/dafeng/Documents/ai_learning/NUS_courses/MSI5001/group_work/MSI5001-power-transformer-oil-temperature-prediction/results/figures/exp_009_predictions.png
  Scatter: /Users/dafeng/Documents/ai_learning/NUS_courses/MSI5001/group_work/MSI5001-power-transformer-oil-temperature-prediction/results/figures/exp_009_scatter.png

======================================================================
Experiment complete: exp_009
======================================================================

======================================================================
Completed: 2025-10-30 15:00:51
Return code: 0
======================================================================
