======================================================================
Experiment Log
Started: 2025-10-30 21:20:32
Command: C:\ProgramData\anaconda3\python.exe -m scripts.train_configurable --tx-id 2 --model RNN --split-method random_window --feature-mode full --lookback-multiplier 6.0 --horizon 24 --experiment-name exp_060
======================================================================

======================================================================
Experiment: exp_060
======================================================================
Transformer:     TX2
Model:           RNN
Split method:    random_window
Feature mode:    full
Data suffix:     (default)

Loading data...
  Total samples: 66919
  Features: 17 columns

Window config: WindowConfig(horizon=24, lookback=144, gap=0)
Creating sliding windows for RNN (keeping sequence structure)...
  Created 66751 windows (shape: (66751, 144, 17))
  Sampling 40000 windows...
Splitting windows (random, 20% test)...
  Train: 32000 windows
  Test:  8000 windows

Training RNN...
Using GPU: NVIDIA GeForce RTX 4070 Ti SUPER
  Training time: 50.13s

Evaluating...
  RMSE: 4.3103
  MAE:  3.3262
  R2:   0.8697

Saving results...
  Model: E:\ANUS_learning\MSI5001-power-transformer-oil-temperature-prediction\models\experiments\exp_060_model.joblib
  Predictions: E:\ANUS_learning\MSI5001-power-transformer-oil-temperature-prediction\results\tables\exp_060_predictions.csv
  Metrics: E:\ANUS_learning\MSI5001-power-transformer-oil-temperature-prediction\models\experiments\exp_060_metrics.json
  Plot: E:\ANUS_learning\MSI5001-power-transformer-oil-temperature-prediction\results\figures\exp_060_predictions.png
  Scatter: E:\ANUS_learning\MSI5001-power-transformer-oil-temperature-prediction\results\figures\exp_060_scatter.png

======================================================================
Experiment complete: exp_060
======================================================================

======================================================================
Completed: 2025-10-30 21:21:27
Return code: 0
======================================================================
