======================================================================
Experiment Log
Started: 2025-10-30 21:13:51
Command: C:\ProgramData\anaconda3\python.exe -m scripts.train_configurable --tx-id 1 --model RNN --split-method random_window --feature-mode full --lookback-multiplier 6.0 --horizon 24 --experiment-name exp_051
======================================================================

======================================================================
Experiment: exp_051
======================================================================
Transformer:     TX1
Model:           RNN
Split method:    random_window
Feature mode:    full
Data suffix:     (default)

Loading data...
  Total samples: 65562
  Added TX1 dynamic features
  Features: 21 columns

Window config: WindowConfig(horizon=24, lookback=144, gap=0)
Creating sliding windows for RNN (keeping sequence structure)...
  Created 65394 windows (shape: (65394, 144, 21))
  Sampling 40000 windows...
Splitting windows (random, 20% test)...
  Train: 32000 windows
  Test:  8000 windows

Training RNN...
Using GPU: NVIDIA GeForce RTX 4070 Ti SUPER
  Training time: 36.42s

Evaluating...
  RMSE: 4.1378
  MAE:  3.3081
  R2:   0.7021

Saving results...
  Model: E:\ANUS_learning\MSI5001-power-transformer-oil-temperature-prediction\models\experiments\exp_051_model.joblib
  Predictions: E:\ANUS_learning\MSI5001-power-transformer-oil-temperature-prediction\results\tables\exp_051_predictions.csv
  Metrics: E:\ANUS_learning\MSI5001-power-transformer-oil-temperature-prediction\models\experiments\exp_051_metrics.json
  Plot: E:\ANUS_learning\MSI5001-power-transformer-oil-temperature-prediction\results\figures\exp_051_predictions.png
  Scatter: E:\ANUS_learning\MSI5001-power-transformer-oil-temperature-prediction\results\figures\exp_051_scatter.png

======================================================================
Experiment complete: exp_051
======================================================================

======================================================================
Completed: 2025-10-30 21:14:32
Return code: 0
======================================================================
