======================================================================
Experiment Log
Started: 2025-10-30 15:00:09
Command: /opt/miniconda3/bin/python -m scripts.train_configurable --tx-id 1 --model RandomForest --split-method random_window --feature-mode full --lookback-multiplier 4.0 --horizon 1 --experiment-name exp_005 --data-suffix _5pct
======================================================================

======================================================================
Experiment: exp_005
======================================================================
Transformer:     TX1
Model:           RandomForest
Split method:    random_window
Feature mode:    full
Data suffix:     _5pct

Loading data...
  Total samples: 61962
  Added TX1 dynamic features
  Features: 21 columns

Window config: WindowConfig(horizon=1, lookback=4, gap=0)
Creating sliding windows...
  Created 61957 windows
  Sampling 40000 windows...
Splitting windows (random, 20% test)...
  Train: 32000 windows
  Test:  8000 windows

Training RandomForest...
  Training time: 7.34s

Evaluating...
  RMSE: 1.9746
  MAE:  1.3321
  R2:   0.9298

Saving results...
  Model: /Users/dafeng/Documents/ai_learning/NUS_courses/MSI5001/group_work/MSI5001-power-transformer-oil-temperature-prediction/models/experiments/exp_005_model.joblib
  Predictions: /Users/dafeng/Documents/ai_learning/NUS_courses/MSI5001/group_work/MSI5001-power-transformer-oil-temperature-prediction/results/tables/exp_005_predictions.csv
  Metrics: /Users/dafeng/Documents/ai_learning/NUS_courses/MSI5001/group_work/MSI5001-power-transformer-oil-temperature-prediction/models/experiments/exp_005_metrics.json
  Plot: /Users/dafeng/Documents/ai_learning/NUS_courses/MSI5001/group_work/MSI5001-power-transformer-oil-temperature-prediction/results/figures/exp_005_predictions.png
  Scatter: /Users/dafeng/Documents/ai_learning/NUS_courses/MSI5001/group_work/MSI5001-power-transformer-oil-temperature-prediction/results/figures/exp_005_scatter.png

======================================================================
Experiment complete: exp_005
======================================================================

======================================================================
Completed: 2025-10-30 15:00:19
Return code: 0
======================================================================
