======================================================================
Experiment Log
Started: 2025-10-31 15:35:54
Command: C:\ProgramData\anaconda3\python.exe -m scripts.train_configurable --tx-id 2 --model RNN --split-method chronological --feature-mode full_6loads --lookback-multiplier 4.0 --horizon 1 --experiment-name exp_088 --data-suffix _no_outlier
======================================================================

======================================================================
Experiment: exp_088
======================================================================
Transformer:     TX2
Model:           RNN
Split method:    chronological
Feature mode:    full_6loads
Data suffix:     _no_outlier

Loading data...
  Total samples: 69680
  Features: 21 columns

Window config: WindowConfig(horizon=1, lookback=4, gap=0)
Creating sliding windows for RNN (keeping sequence structure)...
  Created 69675 windows (shape: (69675, 4, 21))
Splitting windows (chronological, 20% test)...
  Train: 55740 windows
  Test:  13935 windows

Training RNN...
Using GPU: NVIDIA GeForce RTX 4070 Ti SUPER
  Training time: 115.48s

Evaluating...
  RMSE: 8.1251
  MAE:  6.3804
  R2:   0.4234

Saving results...
  Model: E:\ANUS_learning\MSI5001-power-transformer-oil-temperature-prediction\models\experiments\exp_088_model.joblib
  Predictions: E:\ANUS_learning\MSI5001-power-transformer-oil-temperature-prediction\results\tables\exp_088_predictions.csv
  Metrics: E:\ANUS_learning\MSI5001-power-transformer-oil-temperature-prediction\models\experiments\exp_088_metrics.json
  Plot: E:\ANUS_learning\MSI5001-power-transformer-oil-temperature-prediction\results\figures\exp_088_predictions.png
  Scatter: E:\ANUS_learning\MSI5001-power-transformer-oil-temperature-prediction\results\figures\exp_088_scatter.png

======================================================================
Experiment complete: exp_088
======================================================================

======================================================================
Completed: 2025-10-31 15:37:53
Return code: 0
======================================================================
