======================================================================
Experiment Log
Started: 2025-11-01 13:37:20
Command: C:\ProgramData\anaconda3\python.exe -m scripts.train_configurable --tx-id 2 --model RNN --split-method chronological --feature-mode loads_6_only --lookback-multiplier 4.0 --horizon 168 --experiment-name exp_105 --data-suffix _no_outlier
======================================================================

======================================================================
Experiment: exp_105
======================================================================
Transformer:     TX2
Model:           RNN
Split method:    chronological
Feature mode:    loads_6_only
Data suffix:     _no_outlier

Loading data...
  Total samples: 69680
  Features: 6 columns

Window config: WindowConfig(horizon=168, lookback=672, gap=0)
Creating sliding windows for RNN (keeping sequence structure)...
  Created 68840 windows (shape: (68840, 672, 6))
Splitting windows (chronological, 20% test)...
  Train: 55072 windows
  Test:  13768 windows

Training RNN...
Using GPU: NVIDIA GeForce RTX 4070 Ti SUPER
  Training time: 86.96s

Evaluating...
  RMSE: 10.6395
  MAE:  8.7019
  R2:   -0.0128

Saving results...
  Model: E:\ANUS_learning\MSI5001-power-transformer-oil-temperature-prediction\models\experiments\exp_105_model.joblib
  Predictions: E:\ANUS_learning\MSI5001-power-transformer-oil-temperature-prediction\results\tables\exp_105_predictions.csv
  Metrics: E:\ANUS_learning\MSI5001-power-transformer-oil-temperature-prediction\models\experiments\exp_105_metrics.json
  Plot: E:\ANUS_learning\MSI5001-power-transformer-oil-temperature-prediction\results\figures\exp_105_predictions.png
  Scatter: E:\ANUS_learning\MSI5001-power-transformer-oil-temperature-prediction\results\figures\exp_105_scatter.png

======================================================================
Experiment complete: exp_105
======================================================================

======================================================================
Completed: 2025-11-01 13:38:53
Return code: 0
======================================================================
