======================================================================
Experiment Log
Started: 2025-10-30 21:10:09
Command: C:\ProgramData\anaconda3\python.exe -m scripts.train_configurable --tx-id 2 --model MLP --split-method random_window --feature-mode full --lookback-multiplier 4.0 --horizon 168 --experiment-name exp_044
======================================================================

======================================================================
Experiment: exp_044
======================================================================
Transformer:     TX2
Model:           MLP
Split method:    random_window
Feature mode:    full
Data suffix:     (default)

Loading data...
  Total samples: 66919
  Features: 17 columns

Window config: WindowConfig(horizon=168, lookback=672, gap=0)
Creating sliding windows...
  Created 66079 windows
  Sampling 40000 windows...
Splitting windows (random, 20% test)...
  Train: 32000 windows
  Test:  8000 windows

Training MLP...
Using GPU: NVIDIA GeForce RTX 4070 Ti SUPER
  Training time: 75.69s

Evaluating...
  RMSE: 2.8566
  MAE:  2.1549
  R2:   0.9426

Saving results...
  Model: E:\ANUS_learning\MSI5001-power-transformer-oil-temperature-prediction\models\experiments\exp_044_model.joblib
  Predictions: E:\ANUS_learning\MSI5001-power-transformer-oil-temperature-prediction\results\tables\exp_044_predictions.csv
  Metrics: E:\ANUS_learning\MSI5001-power-transformer-oil-temperature-prediction\models\experiments\exp_044_metrics.json
  Plot: E:\ANUS_learning\MSI5001-power-transformer-oil-temperature-prediction\results\figures\exp_044_predictions.png
  Scatter: E:\ANUS_learning\MSI5001-power-transformer-oil-temperature-prediction\results\figures\exp_044_scatter.png

======================================================================
Experiment complete: exp_044
======================================================================

======================================================================
Completed: 2025-10-30 21:11:29
Return code: 0
======================================================================
