======================================================================
Experiment Log
Started: 2025-10-30 17:23:01
Command: C:\ProgramData\anaconda3\python.exe -m scripts.train_configurable --tx-id 1 --model RNN --split-method random_window --feature-mode full --lookback-multiplier 6.0 --horizon 1 --experiment-name exp_048
======================================================================

======================================================================
Experiment: exp_048
======================================================================
Transformer:     TX1
Model:           RNN
Split method:    random_window
Feature mode:    full
Data suffix:     (default)

Loading data...
  Total samples: 65562
  Added TX1 dynamic features
  Features: 21 columns

Window config: WindowConfig(horizon=1, lookback=6, gap=0)
Creating sliding windows for RNN (keeping sequence structure)...
  Created 65555 windows (shape: (65555, 6, 21))
  Sampling 40000 windows...
Splitting windows (random, 20% test)...
  Train: 32000 windows
  Test:  8000 windows

Training RNN...
Using GPU: NVIDIA GeForce RTX 4070 Ti SUPER
  Training time: 133.80s

Evaluating...
  RMSE: 3.1928
  MAE:  2.3418
  R2:   0.8254

Saving results...
  Model: E:\ANUS_learning\MSI5001-power-transformer-oil-temperature-prediction\models\experiments\exp_048_model.joblib
  Predictions: E:\ANUS_learning\MSI5001-power-transformer-oil-temperature-prediction\results\tables\exp_048_predictions.csv
  Metrics: E:\ANUS_learning\MSI5001-power-transformer-oil-temperature-prediction\models\experiments\exp_048_metrics.json
  Plot: E:\ANUS_learning\MSI5001-power-transformer-oil-temperature-prediction\results\figures\exp_048_predictions.png
  Scatter: E:\ANUS_learning\MSI5001-power-transformer-oil-temperature-prediction\results\figures\exp_048_scatter.png

======================================================================
Experiment complete: exp_048
======================================================================

======================================================================
Completed: 2025-10-30 17:25:19
Return code: 0
======================================================================
