======================================================================
Experiment Log
Started: 2025-10-30 17:13:16
Command: C:\ProgramData\anaconda3\python.exe -m scripts.train_configurable --tx-id 1 --model RandomForest --split-method random_window --feature-mode full --lookback-multiplier 6.0 --horizon 1 --experiment-name exp_012
======================================================================

======================================================================
Experiment: exp_012
======================================================================
Transformer:     TX1
Model:           RandomForest
Split method:    random_window
Feature mode:    full
Data suffix:     (default)

Loading data...
  Total samples: 65562
  Added TX1 dynamic features
  Features: 21 columns

Window config: WindowConfig(horizon=1, lookback=6, gap=0)
Creating sliding windows...
  Created 65555 windows
  Sampling 40000 windows...
Splitting windows (random, 20% test)...
  Train: 32000 windows
  Test:  8000 windows

Training RandomForest...
  Training time: 10.09s

Evaluating...
  RMSE: 1.9656
  MAE:  1.3262
  R2:   0.9338

Saving results...
  Model: E:\ANUS_learning\MSI5001-power-transformer-oil-temperature-prediction\models\experiments\exp_012_model.joblib
  Predictions: E:\ANUS_learning\MSI5001-power-transformer-oil-temperature-prediction\results\tables\exp_012_predictions.csv
  Metrics: E:\ANUS_learning\MSI5001-power-transformer-oil-temperature-prediction\models\experiments\exp_012_metrics.json
  Plot: E:\ANUS_learning\MSI5001-power-transformer-oil-temperature-prediction\results\figures\exp_012_predictions.png
  Scatter: E:\ANUS_learning\MSI5001-power-transformer-oil-temperature-prediction\results\figures\exp_012_scatter.png

======================================================================
Experiment complete: exp_012
======================================================================

======================================================================
Completed: 2025-10-30 17:13:30
Return code: 0
======================================================================
