======================================================================
Experiment Log
Started: 2025-10-31 21:36:14
Command: C:\ProgramData\anaconda3\python.exe -m scripts.train_configurable --tx-id 2 --model MLP --split-method chronological --feature-mode full_6loads --lookback-multiplier 4.0 --horizon 24 --experiment-name exp_083 --data-suffix _no_outlier
======================================================================

======================================================================
Experiment: exp_083
======================================================================
Transformer:     TX2
Model:           MLP
Split method:    chronological
Feature mode:    full_6loads
Data suffix:     _no_outlier

Loading data...
  Total samples: 69680
  Features: 21 columns

Window config: WindowConfig(horizon=24, lookback=96, gap=0)
Creating sliding windows...
  Created 69560 windows
Splitting windows (chronological, 20% test)...
  Train: 55648 windows
  Test:  13912 windows

Training MLP...
Using GPU: NVIDIA GeForce RTX 4070 Ti SUPER
  Training time: 109.61s

Evaluating...
  RMSE: 9.2736
  MAE:  7.0773
  R2:   0.2471

Saving results...
  Model: E:\ANUS_learning\MSI5001-power-transformer-oil-temperature-prediction\models\experiments\exp_083_model.joblib
  Predictions: E:\ANUS_learning\MSI5001-power-transformer-oil-temperature-prediction\results\tables\exp_083_predictions.csv
  Metrics: E:\ANUS_learning\MSI5001-power-transformer-oil-temperature-prediction\models\experiments\exp_083_metrics.json
  Plot: E:\ANUS_learning\MSI5001-power-transformer-oil-temperature-prediction\results\figures\exp_083_predictions.png
  Scatter: E:\ANUS_learning\MSI5001-power-transformer-oil-temperature-prediction\results\figures\exp_083_scatter.png

======================================================================
Experiment complete: exp_083
======================================================================

======================================================================
Completed: 2025-10-31 21:38:08
Return code: 0
======================================================================
