======================================================================
Experiment Log
Started: 2025-10-30 21:01:08
Command: C:\ProgramData\anaconda3\python.exe -m scripts.train_configurable --tx-id 1 --model MLP --split-method random_window --feature-mode full --lookback-multiplier 2.0 --horizon 24 --experiment-name exp_031
======================================================================

======================================================================
Experiment: exp_031
======================================================================
Transformer:     TX1
Model:           MLP
Split method:    random_window
Feature mode:    full
Data suffix:     (default)

Loading data...
  Total samples: 65562
  Added TX1 dynamic features
  Features: 21 columns

Window config: WindowConfig(horizon=24, lookback=48, gap=0)
Creating sliding windows...
  Created 65490 windows
  Sampling 40000 windows...
Splitting windows (random, 20% test)...
  Train: 32000 windows
  Test:  8000 windows

Training MLP...
Using GPU: NVIDIA GeForce RTX 4070 Ti SUPER
  Training time: 28.79s

Evaluating...
  RMSE: 2.7366
  MAE:  2.0573
  R2:   0.8713

Saving results...
  Model: E:\ANUS_learning\MSI5001-power-transformer-oil-temperature-prediction\models\experiments\exp_031_model.joblib
  Predictions: E:\ANUS_learning\MSI5001-power-transformer-oil-temperature-prediction\results\tables\exp_031_predictions.csv
  Metrics: E:\ANUS_learning\MSI5001-power-transformer-oil-temperature-prediction\models\experiments\exp_031_metrics.json
  Plot: E:\ANUS_learning\MSI5001-power-transformer-oil-temperature-prediction\results\figures\exp_031_predictions.png
  Scatter: E:\ANUS_learning\MSI5001-power-transformer-oil-temperature-prediction\results\figures\exp_031_scatter.png

======================================================================
Experiment complete: exp_031
======================================================================

======================================================================
Completed: 2025-10-30 21:01:41
Return code: 0
======================================================================
