======================================================================
Experiment Log
Started: 2025-10-31 15:37:53
Command: C:\ProgramData\anaconda3\python.exe -m scripts.train_configurable --tx-id 2 --model RNN --split-method chronological --feature-mode full_6loads --lookback-multiplier 4.0 --horizon 24 --experiment-name exp_089 --data-suffix _no_outlier
======================================================================

======================================================================
Experiment: exp_089
======================================================================
Transformer:     TX2
Model:           RNN
Split method:    chronological
Feature mode:    full_6loads
Data suffix:     _no_outlier

Loading data...
  Total samples: 69680
  Features: 21 columns

Window config: WindowConfig(horizon=24, lookback=96, gap=0)
Creating sliding windows for RNN (keeping sequence structure)...
  Created 69560 windows (shape: (69560, 96, 21))
Splitting windows (chronological, 20% test)...
  Train: 55648 windows
  Test:  13912 windows

Training RNN...
Using GPU: NVIDIA GeForce RTX 4070 Ti SUPER
  Training time: 89.32s

Evaluating...
  RMSE: 6.5335
  MAE:  5.1642
  R2:   0.6263

Saving results...
  Model: E:\ANUS_learning\MSI5001-power-transformer-oil-temperature-prediction\models\experiments\exp_089_model.joblib
  Predictions: E:\ANUS_learning\MSI5001-power-transformer-oil-temperature-prediction\results\tables\exp_089_predictions.csv
  Metrics: E:\ANUS_learning\MSI5001-power-transformer-oil-temperature-prediction\models\experiments\exp_089_metrics.json
  Plot: E:\ANUS_learning\MSI5001-power-transformer-oil-temperature-prediction\results\figures\exp_089_predictions.png
  Scatter: E:\ANUS_learning\MSI5001-power-transformer-oil-temperature-prediction\results\figures\exp_089_scatter.png

======================================================================
Experiment complete: exp_089
======================================================================

======================================================================
Completed: 2025-10-31 15:39:27
Return code: 0
======================================================================
