======================================================================
Experiment Log
Started: 2025-11-01 13:31:42
Command: C:\ProgramData\anaconda3\python.exe -m scripts.train_configurable --tx-id 2 --model MLP --split-method chronological --feature-mode loads_6_only --lookback-multiplier 4.0 --horizon 24 --experiment-name exp_101 --data-suffix _no_outlier
======================================================================

======================================================================
Experiment: exp_101
======================================================================
Transformer:     TX2
Model:           MLP
Split method:    chronological
Feature mode:    loads_6_only
Data suffix:     _no_outlier

Loading data...
  Total samples: 69680
  Features: 6 columns

Window config: WindowConfig(horizon=24, lookback=96, gap=0)
Creating sliding windows...
  Created 69560 windows
Splitting windows (chronological, 20% test)...
  Train: 55648 windows
  Test:  13912 windows

Training MLP...
Using GPU: NVIDIA GeForce RTX 4070 Ti SUPER
  Training time: 86.68s

Evaluating...
  RMSE: 9.5536
  MAE:  7.2839
  R2:   0.2010

Saving results...
  Model: E:\ANUS_learning\MSI5001-power-transformer-oil-temperature-prediction\models\experiments\exp_101_model.joblib
  Predictions: E:\ANUS_learning\MSI5001-power-transformer-oil-temperature-prediction\results\tables\exp_101_predictions.csv
  Metrics: E:\ANUS_learning\MSI5001-power-transformer-oil-temperature-prediction\models\experiments\exp_101_metrics.json
  Plot: E:\ANUS_learning\MSI5001-power-transformer-oil-temperature-prediction\results\figures\exp_101_predictions.png
  Scatter: E:\ANUS_learning\MSI5001-power-transformer-oil-temperature-prediction\results\figures\exp_101_scatter.png

======================================================================
Experiment complete: exp_101
======================================================================

======================================================================
Completed: 2025-11-01 13:33:13
Return code: 0
======================================================================
