======================================================================
Experiment Log
Started: 2025-10-30 17:29:38
Command: C:\ProgramData\anaconda3\python.exe -m scripts.train_configurable --tx-id 2 --model RNN --split-method random_window --feature-mode full --lookback-multiplier 6.0 --horizon 1 --experiment-name exp_057
======================================================================

======================================================================
Experiment: exp_057
======================================================================
Transformer:     TX2
Model:           RNN
Split method:    random_window
Feature mode:    full
Data suffix:     (default)

Loading data...
  Total samples: 66919
  Features: 17 columns

Window config: WindowConfig(horizon=1, lookback=6, gap=0)
Creating sliding windows for RNN (keeping sequence structure)...
  Created 66912 windows (shape: (66912, 6, 17))
  Sampling 40000 windows...
Splitting windows (random, 20% test)...
  Train: 32000 windows
  Test:  8000 windows

Training RNN...
Using GPU: NVIDIA GeForce RTX 4070 Ti SUPER
  Training time: 167.02s

Evaluating...
  RMSE: 3.5731
  MAE:  2.7690
  R2:   0.9103

Saving results...
  Model: E:\ANUS_learning\MSI5001-power-transformer-oil-temperature-prediction\models\experiments\exp_057_model.joblib
  Predictions: E:\ANUS_learning\MSI5001-power-transformer-oil-temperature-prediction\results\tables\exp_057_predictions.csv
  Metrics: E:\ANUS_learning\MSI5001-power-transformer-oil-temperature-prediction\models\experiments\exp_057_metrics.json
  Plot: E:\ANUS_learning\MSI5001-power-transformer-oil-temperature-prediction\results\figures\exp_057_predictions.png
  Scatter: E:\ANUS_learning\MSI5001-power-transformer-oil-temperature-prediction\results\figures\exp_057_scatter.png

======================================================================
Experiment complete: exp_057
======================================================================

======================================================================
Completed: 2025-10-30 17:32:30
Return code: 0
======================================================================
