======================================================================
Experiment Log
Started: 2025-10-30 23:56:24
Command: C:\ProgramData\anaconda3\python.exe -m scripts.train_configurable --tx-id 1 --model Informer --split-method random_window --feature-mode full --lookback-multiplier 4.0 --horizon 1 --experiment-name exp_064
======================================================================

======================================================================
Experiment: exp_064
======================================================================
Transformer:     TX1
Model:           Informer
Split method:    random_window
Feature mode:    full
Data suffix:     (default)

Loading data...
  Total samples: 65562
  Added TX1 dynamic features
  Features: 21 columns

Window config: WindowConfig(horizon=1, lookback=4, gap=0)
Creating sliding windows for Informer (keeping sequence structure)...
  Created 65557 windows (shape: (65557, 4, 21))
  Sampling 40000 windows...
Splitting windows (random, 20% test)...
  Train: 32000 windows
  Test:  8000 windows

Training Informer...
Using GPU: NVIDIA GeForce RTX 4070 Ti SUPER
Warning: Input sequence length (4) is smaller than configured seq_len (96). Adjusting seq_len to 4.
  Training time: 124.95s

Evaluating...
  RMSE: 4.5182
  MAE:  3.4688
  R2:   0.6481

Saving results...
  Model: E:\ANUS_learning\MSI5001-power-transformer-oil-temperature-prediction\models\experiments\exp_064_model.joblib
  Predictions: E:\ANUS_learning\MSI5001-power-transformer-oil-temperature-prediction\results\tables\exp_064_predictions.csv
  Metrics: E:\ANUS_learning\MSI5001-power-transformer-oil-temperature-prediction\models\experiments\exp_064_metrics.json
  Plot: E:\ANUS_learning\MSI5001-power-transformer-oil-temperature-prediction\results\figures\exp_064_predictions.png
  Scatter: E:\ANUS_learning\MSI5001-power-transformer-oil-temperature-prediction\results\figures\exp_064_scatter.png

======================================================================
Experiment complete: exp_064
======================================================================

======================================================================
Completed: 2025-10-30 23:58:33
Return code: 0
======================================================================
