======================================================================
Experiment Log
Started: 2025-10-30 21:06:34
Command: C:\ProgramData\anaconda3\python.exe -m scripts.train_configurable --tx-id 2 --model MLP --split-method random_window --feature-mode full --lookback-multiplier 2.0 --horizon 24 --experiment-name exp_040
======================================================================

======================================================================
Experiment: exp_040
======================================================================
Transformer:     TX2
Model:           MLP
Split method:    random_window
Feature mode:    full
Data suffix:     (default)

Loading data...
  Total samples: 66919
  Features: 17 columns

Window config: WindowConfig(horizon=24, lookback=48, gap=0)
Creating sliding windows...
  Created 66847 windows
  Sampling 40000 windows...
Splitting windows (random, 20% test)...
  Train: 32000 windows
  Test:  8000 windows

Training MLP...
Using GPU: NVIDIA GeForce RTX 4070 Ti SUPER
  Training time: 44.75s

Evaluating...
  RMSE: 3.2619
  MAE:  2.4960
  R2:   0.9227

Saving results...
  Model: E:\ANUS_learning\MSI5001-power-transformer-oil-temperature-prediction\models\experiments\exp_040_model.joblib
  Predictions: E:\ANUS_learning\MSI5001-power-transformer-oil-temperature-prediction\results\tables\exp_040_predictions.csv
  Metrics: E:\ANUS_learning\MSI5001-power-transformer-oil-temperature-prediction\models\experiments\exp_040_metrics.json
  Plot: E:\ANUS_learning\MSI5001-power-transformer-oil-temperature-prediction\results\figures\exp_040_predictions.png
  Scatter: E:\ANUS_learning\MSI5001-power-transformer-oil-temperature-prediction\results\figures\exp_040_scatter.png

======================================================================
Experiment complete: exp_040
======================================================================

======================================================================
Completed: 2025-10-30 21:07:23
Return code: 0
======================================================================
